<?xml version="1.0" encoding="UTF-8"?>
<testsuite name="uj.java.pwj2020.spreadsheet.SpreadsheetTest" tests="5" skipped="0" failures="5" errors="0" timestamp="2020-10-21T20:43:18" hostname="mateusz-TM1703" time="0.072">
  <properties/>
  <testcase name="[1] [[1, 2, 3], [4, 5, 6], [$A1, $C1, $B3], [=ADD(10,$A1), =SUB($C3,$A1), 0]], [[1, 2, 3], [4, 5, 6], [1, 3, 3], [11, 2, 0]]" classname="uj.java.pwj2020.spreadsheet.SpreadsheetTest" time="0.049">
    <failure message="java.lang.StackOverflowError" type="java.lang.StackOverflowError">java.lang.StackOverflowError
	at uj.java.pwj2020.spreadsheet.Spreadsheet.getValue(Spreadsheet.java:60)
	at uj.java.pwj2020.spreadsheet.Spreadsheet.getValue(Spreadsheet.java:64)
	at uj.java.pwj2020.spreadsheet.Spreadsheet.getValue(Spreadsheet.java:64)
	at uj.java.pwj2020.spreadsheet.Spreadsheet.getValue(Spreadsheet.java:64)
	at uj.java.pwj2020.spreadsheet.Spreadsheet.getValue(Spreadsheet.java:64)
	at uj.java.pwj2020.spreadsheet.Spreadsheet.getValue(Spreadsheet.java:64)
	at uj.java.pwj2020.spreadsheet.Spreadsheet.getValue(Spreadsheet.java:64)
	at uj.java.pwj2020.spreadsheet.Spreadsheet.getValue(Spreadsheet.java:64)
	at uj.java.pwj2020.spreadsheet.Spreadsheet.getValue(Spreadsheet.java:64)
	at uj.java.pwj2020.spreadsheet.Spreadsheet.getValue(Spreadsheet.java:64)
	at uj.java.pwj2020.spreadsheet.Spreadsheet.getValue(Spreadsheet.java:64)
	at uj.java.pwj2020.spreadsheet.Spreadsheet.getValue(Spreadsheet.java:64)
	at uj.java.pwj2020.spreadsheet.Spreadsheet.getValue(Spreadsheet.java:64)
	at uj.java.pwj2020.spreadsheet.Spreadsheet.getValue(Spreadsheet.java:64)
	at uj.java.pwj2020.spreadsheet.Spreadsheet.getValue(Spreadsheet.java:64)
	at uj.java.pwj2020.spreadsheet.Spreadsheet.getValue(Spreadsheet.java:64)
	at uj.java.pwj2020.spreadsheet.Spreadsheet.getValue(Spreadsheet.java:64)
	at uj.java.pwj2020.spreadsheet.Spreadsheet.getValue(Spreadsheet.java:64)
	at uj.java.pwj2020.spreadsheet.Spreadsheet.getValue(Spreadsheet.java:64)
	at uj.java.pwj2020.spreadsheet.Spreadsheet.getValue(Spreadsheet.java:64)
	at uj.java.pwj2020.spreadsheet.Spreadsheet.getValue(Spreadsheet.java:64)
	at uj.java.pwj2020.spreadsheet.Spreadsheet.getValue(Spreadsheet.java:64)
	at uj.java.pwj2020.spreadsheet.Spreadsheet.getValue(Spreadsheet.java:64)
	at uj.java.pwj2020.spreadsheet.Spreadsheet.getValue(Spreadsheet.java:64)
	at uj.java.pwj2020.spreadsheet.Spreadsheet.getValue(Spreadsheet.java:64)
	at uj.java.pwj2020.spreadsheet.Spreadsheet.getValue(Spreadsheet.java:64)
	at uj.java.pwj2020.spreadsheet.Spreadsheet.getValue(Spreadsheet.java:64)
	at uj.java.pwj2020.spreadsheet.Spreadsheet.getValue(Spreadsheet.java:64)
	at uj.java.pwj2020.spreadsheet.Spreadsheet.getValue(Spreadsheet.java:64)
	at uj.java.pwj2020.spreadsheet.Spreadsheet.getValue(Spreadsheet.java:64)
	at uj.java.pwj2020.spreadsheet.Spreadsheet.getValue(Spreadsheet.java:64)
	at uj.java.pwj2020.spreadsheet.Spreadsheet.getValue(Spreadsheet.java:64)
	at uj.java.pwj2020.spreadsheet.Spreadsheet.getValue(Spreadsheet.java:64)
	at uj.java.pwj2020.spreadsheet.Spreadsheet.getValue(Spreadsheet.java:64)
	at uj.java.pwj2020.spreadsheet.Spreadsheet.getValue(Spreadsheet.java:64)
	at uj.java.pwj2020.spreadsheet.Spreadsheet.getValue(Spreadsheet.java:64)
	at uj.java.pwj2020.spreadsheet.Spreadsheet.getValue(Spreadsheet.java:64)
	at uj.java.pwj2020.spreadsheet.Spreadsheet.getValue(Spreadsheet.java:64)
	at uj.java.pwj2020.spreadsheet.Spreadsheet.getValue(Spreadsheet.java:64)
	at uj.java.pwj2020.spreadsheet.Spreadsheet.getValue(Spreadsheet.java:64)
	at uj.java.pwj2020.spreadsheet.Spreadsheet.getValue(Spreadsheet.java:64)
	at uj.java.pwj2020.spreadsheet.Spreadsheet.getValue(Spreadsheet.java:64)
	at uj.java.pwj2020.spreadsheet.Spreadsheet.getValue(Spreadsheet.java:64)
	at uj.java.pwj2020.spreadsheet.Spreadsheet.getValue(Spreadsheet.java:64)
	at uj.java.pwj2020.spreadsheet.Spreadsheet.getValue(Spreadsheet.java:64)
	at uj.java.pwj2020.spreadsheet.Spreadsheet.getValue(Spreadsheet.java:64)
	at uj.java.pwj2020.spreadsheet.Spreadsheet.getValue(Spreadsheet.java:64)
	at uj.java.pwj2020.spreadsheet.Spreadsheet.getValue(Spreadsheet.java:64)
	at uj.java.pwj2020.spreadsheet.Spreadsheet.getValue(Spreadsheet.java:64)
	at uj.java.pwj2020.spreadsheet.Spreadsheet.getValue(Spreadsheet.java:64)
	at uj.java.pwj2020.spreadsheet.Spreadsheet.getValue(Spreadsheet.java:64)
	at uj.java.pwj2020.spreadsheet.Spreadsheet.getValue(Spreadsheet.java:64)
	at uj.java.pwj2020.spreadsheet.Spreadsheet.getValue(Spreadsheet.java:64)
	at uj.java.pwj2020.spreadsheet.Spreadsheet.getValue(Spreadsheet.java:64)
	at uj.java.pwj2020.spreadsheet.Spreadsheet.getValue(Spreadsheet.java:64)
	at uj.java.pwj2020.spreadsheet.Spreadsheet.getValue(Spreadsheet.java:64)
	at uj.java.pwj2020.spreadsheet.Spreadsheet.getValue(Spreadsheet.java:64)
	at uj.java.pwj2020.spreadsheet.Spreadsheet.getValue(Spreadsheet.java:64)
	at uj.java.pwj2020.spreadsheet.Spreadsheet.getValue(Spreadsheet.java:64)
	at uj.java.pwj2020.spreadsheet.Spreadsheet.getValue(Spreadsheet.java:64)
	at uj.java.pwj2020.spreadsheet.Spreadsheet.getValue(Spreadsheet.java:64)
	at uj.java.pwj2020.spreadsheet.Spreadsheet.getValue(Spreadsheet.java:64)
	at uj.java.pwj2020.spreadsheet.Spreadsheet.getValue(Spreadsheet.java:64)
	at uj.java.pwj2020.spreadsheet.Spreadsheet.getValue(Spreadsheet.java:64)
	at uj.java.pwj2020.spreadsheet.Spreadsheet.getValue(Spreadsheet.java:64)
	at uj.java.pwj2020.spreadsheet.Spreadsheet.getValue(Spreadsheet.java:64)
	at uj.java.pwj2020.spreadsheet.Spreadsheet.getValue(Spreadsheet.java:64)
	at uj.java.pwj2020.spreadsheet.Spreadsheet.getValue(Spreadsheet.java:64)
	at uj.java.pwj2020.spreadsheet.Spreadsheet.getValue(Spreadsheet.java:64)
	at uj.java.pwj2020.spreadsheet.Spreadsheet.getValue(Spreadsheet.java:64)
	at uj.java.pwj2020.spreadsheet.Spreadsheet.getValue(Spreadsheet.java:64)
	at uj.java.pwj2020.spreadsheet.Spreadsheet.getValue(Spreadsheet.java:64)
	at uj.java.pwj2020.spreadsheet.Spreadsheet.getValue(Spreadsheet.java:64)
	at uj.java.pwj2020.spreadsheet.Spreadsheet.getValue(Spreadsheet.java:64)
	at uj.java.pwj2020.spreadsheet.Spreadsheet.getValue(Spreadsheet.java:64)
	at uj.java.pwj2020.spreadsheet.Spreadsheet.getValue(Spreadsheet.java:64)
	at uj.java.pwj2020.spreadsheet.Spreadsheet.getValue(Spreadsheet.java:64)
	at uj.java.pwj2020.spreadsheet.Spreadsheet.getValue(Spreadsheet.java:64)
	at uj.java.pwj2020.spreadsheet.Spreadsheet.getValue(Spreadsheet.java:64)
	at uj.java.pwj2020.spreadsheet.Spreadsheet.getValue(Spreadsheet.java:64)
	at uj.java.pwj2020.spreadsheet.Spreadsheet.getValue(Spreadsheet.java:64)
	at uj.java.pwj2020.spreadsheet.Spreadsheet.getValue(Spreadsheet.java:64)
	at uj.java.pwj2020.spreadsheet.Spreadsheet.getValue(Spreadsheet.java:64)
	at uj.java.pwj2020.spreadsheet.Spreadsheet.getValue(Spreadsheet.java:64)
	at uj.java.pwj2020.spreadsheet.Spreadsheet.getValue(Spreadsheet.java:64)
	at uj.java.pwj2020.spreadsheet.Spreadsheet.getValue(Spreadsheet.java:64)
	at uj.java.pwj2020.spreadsheet.Spreadsheet.getValue(Spreadsheet.java:64)
	at uj.java.pwj2020.spreadsheet.Spreadsheet.getValue(Spreadsheet.java:64)
	at uj.java.pwj2020.spreadsheet.Spreadsheet.getValue(Spreadsheet.java:64)
	at uj.java.pwj2020.spreadsheet.Spreadsheet.getValue(Spreadsheet.java:64)
	at uj.java.pwj2020.spreadsheet.Spreadsheet.getValue(Spreadsheet.java:64)
	at uj.java.pwj2020.spreadsheet.Spreadsheet.getValue(Spreadsheet.java:64)
	at uj.java.pwj2020.spreadsheet.Spreadsheet.getValue(Spreadsheet.java:64)
	at uj.java.pwj2020.spreadsheet.Spreadsheet.getValue(Spreadsheet.java:64)
	at uj.java.pwj2020.spreadsheet.Spreadsheet.getValue(Spreadsheet.java:64)
	at uj.java.pwj2020.spreadsheet.Spreadsheet.getValue(Spreadsheet.java:64)
	at uj.java.pwj2020.spreadsheet.Spreadsheet.getValue(Spreadsheet.java:64)
	at uj.java.pwj2020.spreadsheet.Spreadsheet.getValue(Spreadsheet.java:64)
	at uj.java.pwj2020.spreadsheet.Spreadsheet.getValue(Spreadsheet.java:64)
	at uj.java.pwj2020.spreadsheet.Spreadsheet.getValue(Spreadsheet.java:64)
	at uj.java.pwj2020.spreadsheet.Spreadsheet.getValue(Spreadsheet.java:64)
	at uj.java.pwj2020.spreadsheet.Spreadsheet.getValue(Spreadsheet.java:64)
	at uj.java.pwj2020.spreadsheet.Spreadsheet.getValue(Spreadsheet.java:64)
	at uj.java.pwj2020.spreadsheet.Spreadsheet.getValue(Spreadsheet.java:64)
	at uj.java.pwj2020.spreadsheet.Spreadsheet.getValue(Spreadsheet.java:64)
	at uj.java.pwj2020.spreadsheet.Spreadsheet.getValue(Spreadsheet.java:64)
	at uj.java.pwj2020.spreadsheet.Spreadsheet.getValue(Spreadsheet.java:64)
	at uj.java.pwj2020.spreadsheet.Spreadsheet.getValue(Spreadsheet.java:64)
	at uj.java.pwj2020.spreadsheet.Spreadsheet.getValue(Spreadsheet.java:64)
	at uj.java.pwj2020.spreadsheet.Spreadsheet.getValue(Spreadsheet.java:64)
	at uj.java.pwj2020.spreadsheet.Spreadsheet.getValue(Spreadsheet.java:64)
	at uj.java.pwj2020.spreadsheet.Spreadsheet.getValue(Spreadsheet.java:64)
	at uj.java.pwj2020.spreadsheet.Spreadsheet.getValue(Spreadsheet.java:64)
	at uj.java.pwj2020.spreadsheet.Spreadsheet.getValue(Spreadsheet.java:64)
	at uj.java.pwj2020.spreadsheet.Spreadsheet.getValue(Spreadsheet.java:64)
	at uj.java.pwj2020.spreadsheet.Spreadsheet.getValue(Spreadsheet.java:64)
	at uj.java.pwj2020.spreadsheet.Spreadsheet.getValue(Spreadsheet.java:64)
	at uj.java.pwj2020.spreadsheet.Spreadsheet.getValue(Spreadsheet.java:64)
	at uj.java.pwj2020.spreadsheet.Spreadsheet.getValue(Spreadsheet.java:64)
	at uj.java.pwj2020.spreadsheet.Spreadsheet.getValue(Spreadsheet.java:64)
	at uj.java.pwj2020.spreadsheet.Spreadsheet.getValue(Spreadsheet.java:64)
	at uj.java.pwj2020.spreadsheet.Spreadsheet.getValue(Spreadsheet.java:64)
	at uj.java.pwj2020.spreadsheet.Spreadsheet.getValue(Spreadsheet.java:64)
	at uj.java.pwj2020.spreadsheet.Spreadsheet.getValue(Spreadsheet.java:64)
	at uj.java.pwj2020.spreadsheet.Spreadsheet.getValue(Spreadsheet.java:64)
	at uj.java.pwj2020.spreadsheet.Spreadsheet.getValue(Spreadsheet.java:64)
	at uj.java.pwj2020.spreadsheet.Spreadsheet.getValue(Spreadsheet.java:64)
	at uj.java.pwj2020.spreadsheet.Spreadsheet.getValue(Spreadsheet.java:64)
	at uj.java.pwj2020.spreadsheet.Spreadsheet.getValue(Spreadsheet.java:64)
	at uj.java.pwj2020.spreadsheet.Spreadsheet.getValue(Spreadsheet.java:64)
	at uj.java.pwj2020.spreadsheet.Spreadsheet.getValue(Spreadsheet.java:64)
	at uj.java.pwj2020.spreadsheet.Spreadsheet.getValue(Spreadsheet.java:64)
	at uj.java.pwj2020.spreadsheet.Spreadsheet.getValue(Spreadsheet.java:64)
	at uj.java.pwj2020.spreadsheet.Spreadsheet.getValue(Spreadsheet.java:64)
	at uj.java.pwj2020.spreadsheet.Spreadsheet.getValue(Spreadsheet.java:64)
	at uj.java.pwj2020.spreadsheet.Spreadsheet.getValue(Spreadsheet.java:64)
	at uj.java.pwj2020.spreadsheet.Spreadsheet.getValue(Spreadsheet.java:64)
	at uj.java.pwj2020.spreadsheet.Spreadsheet.getValue(Spreadsheet.java:64)
	at uj.java.pwj2020.spreadsheet.Spreadsheet.getValue(Spreadsheet.java:64)
	at uj.java.pwj2020.spreadsheet.Spreadsheet.getValue(Spreadsheet.java:64)
	at uj.java.pwj2020.spreadsheet.Spreadsheet.getValue(Spreadsheet.java:64)
	at uj.java.pwj2020.spreadsheet.Spreadsheet.getValue(Spreadsheet.java:64)
	at uj.java.pwj2020.spreadsheet.Spreadsheet.getValue(Spreadsheet.java:64)
	at uj.java.pwj2020.spreadsheet.Spreadsheet.getValue(Spreadsheet.java:64)
	at uj.java.pwj2020.spreadsheet.Spreadsheet.getValue(Spreadsheet.java:64)
	at uj.java.pwj2020.spreadsheet.Spreadsheet.getValue(Spreadsheet.java:64)
	at uj.java.pwj2020.spreadsheet.Spreadsheet.getValue(Spreadsheet.java:64)
	at uj.java.pwj2020.spreadsheet.Spreadsheet.getValue(Spreadsheet.java:64)
	at uj.java.pwj2020.spreadsheet.Spreadsheet.getValue(Spreadsheet.java:64)
	at uj.java.pwj2020.spreadsheet.Spreadsheet.getValue(Spreadsheet.java:64)
	at uj.java.pwj2020.spreadsheet.Spreadsheet.getValue(Spreadsheet.java:64)
	at uj.java.pwj2020.spreadsheet.Spreadsheet.getValue(Spreadsheet.java:64)
	at uj.java.pwj2020.spreadsheet.Spreadsheet.getValue(Spreadsheet.java:64)
	at uj.java.pwj2020.spreadsheet.Spreadsheet.getValue(Spreadsheet.java:64)
	at uj.java.pwj2020.spreadsheet.Spreadsheet.getValue(Spreadsheet.java:64)
	at uj.java.pwj2020.spreadsheet.Spreadsheet.getValue(Spreadsheet.java:64)
	at uj.java.pwj2020.spreadsheet.Spreadsheet.getValue(Spreadsheet.java:64)
	at uj.java.pwj2020.spreadsheet.Spreadsheet.getValue(Spreadsheet.java:64)
	at uj.java.pwj2020.spreadsheet.Spreadsheet.getValue(Spreadsheet.java:64)
	at uj.java.pwj2020.spreadsheet.Spreadsheet.getValue(Spreadsheet.java:64)
	at uj.java.pwj2020.spreadsheet.Spreadsheet.getValue(Spreadsheet.java:64)
	at uj.java.pwj2020.spreadsheet.Spreadsheet.getValue(Spreadsheet.java:64)
	at uj.java.pwj2020.spreadsheet.Spreadsheet.getValue(Spreadsheet.java:64)
	at uj.java.pwj2020.spreadsheet.Spreadsheet.getValue(Spreadsheet.java:64)
	at uj.java.pwj2020.spreadsheet.Spreadsheet.getValue(Spreadsheet.java:64)
	at uj.java.pwj2020.spreadsheet.Spreadsheet.getValue(Spreadsheet.java:64)
	at uj.java.pwj2020.spreadsheet.Spreadsheet.getValue(Spreadsheet.java:64)
	at uj.java.pwj2020.spreadsheet.Spreadsheet.getValue(Spreadsheet.java:64)
	at uj.java.pwj2020.spreadsheet.Spreadsheet.getValue(Spreadsheet.java:64)
	at uj.java.pwj2020.spreadsheet.Spreadsheet.getValue(Spreadsheet.java:64)
	at uj.java.pwj2020.spreadsheet.Spreadsheet.getValue(Spreadsheet.java:64)
	at uj.java.pwj2020.spreadsheet.Spreadsheet.getValue(Spreadsheet.java:64)
	at uj.java.pwj2020.spreadsheet.Spreadsheet.getValue(Spreadsheet.java:64)
	at uj.java.pwj2020.spreadsheet.Spreadsheet.getValue(Spreadsheet.java:64)
	at uj.java.pwj2020.spreadsheet.Spreadsheet.getValue(Spreadsheet.java:64)
	at uj.java.pwj2020.spreadsheet.Spreadsheet.getValue(Spreadsheet.java:64)
	at uj.java.pwj2020.spreadsheet.Spreadsheet.getValue(Spreadsheet.java:64)
	at uj.java.pwj2020.spreadsheet.Spreadsheet.getValue(Spreadsheet.java:64)
	at uj.java.pwj2020.spreadsheet.Spreadsheet.getValue(Spreadsheet.java:64)
	at uj.java.pwj2020.spreadsheet.Spreadsheet.getValue(Spreadsheet.java:64)
	at uj.java.pwj2020.spreadsheet.Spreadsheet.getValue(Spreadsheet.java:64)
	at uj.java.pwj2020.spreadsheet.Spreadsheet.getValue(Spreadsheet.java:64)
	at uj.java.pwj2020.spreadsheet.Spreadsheet.getValue(Spreadsheet.java:64)
	at uj.java.pwj2020.spreadsheet.Spreadsheet.getValue(Spreadsheet.java:64)
	at uj.java.pwj2020.spreadsheet.Spreadsheet.getValue(Spreadsheet.java:64)
	at uj.java.pwj2020.spreadsheet.Spreadsheet.getValue(Spreadsheet.java:64)
	at uj.java.pwj2020.spreadsheet.Spreadsheet.getValue(Spreadsheet.java:64)
	at uj.java.pwj2020.spreadsheet.Spreadsheet.getValue(Spreadsheet.java:64)
	at uj.java.pwj2020.spreadsheet.Spreadsheet.getValue(Spreadsheet.java:64)
	at uj.java.pwj2020.spreadsheet.Spreadsheet.getValue(Spreadsheet.java:64)
	at uj.java.pwj2020.spreadsheet.Spreadsheet.getValue(Spreadsheet.java:64)
	at uj.java.pwj2020.spreadsheet.Spreadsheet.getValue(Spreadsheet.java:64)
	at uj.java.pwj2020.spreadsheet.Spreadsheet.getValue(Spreadsheet.java:64)
	at uj.java.pwj2020.spreadsheet.Spreadsheet.getValue(Spreadsheet.java:64)
	at uj.java.pwj2020.spreadsheet.Spreadsheet.getValue(Spreadsheet.java:64)
	at uj.java.pwj2020.spreadsheet.Spreadsheet.getValue(Spreadsheet.java:64)
	at uj.java.pwj2020.spreadsheet.Spreadsheet.getValue(Spreadsheet.java:64)
	at uj.java.pwj2020.spreadsheet.Spreadsheet.getValue(Spreadsheet.java:64)
	at uj.java.pwj2020.spreadsheet.Spreadsheet.getValue(Spreadsheet.java:64)
	at uj.java.pwj2020.spreadsheet.Spreadsheet.getValue(Spreadsheet.java:64)
	at uj.java.pwj2020.spreadsheet.Spreadsheet.getValue(Spreadsheet.java:64)
	at uj.java.pwj2020.spreadsheet.Spreadsheet.getValue(Spreadsheet.java:64)
	at uj.java.pwj2020.spreadsheet.Spreadsheet.getValue(Spreadsheet.java:64)
	at uj.java.pwj2020.spreadsheet.Spreadsheet.getValue(Spreadsheet.java:64)
	at uj.java.pwj2020.spreadsheet.Spreadsheet.getValue(Spreadsheet.java:64)
	at uj.java.pwj2020.spreadsheet.Spreadsheet.getValue(Spreadsheet.java:64)
	at uj.java.pwj2020.spreadsheet.Spreadsheet.getValue(Spreadsheet.java:64)
	at uj.java.pwj2020.spreadsheet.Spreadsheet.getValue(Spreadsheet.java:64)
	at uj.java.pwj2020.spreadsheet.Spreadsheet.getValue(Spreadsheet.java:64)
	at uj.java.pwj2020.spreadsheet.Spreadsheet.getValue(Spreadsheet.java:64)
	at uj.java.pwj2020.spreadsheet.Spreadsheet.getValue(Spreadsheet.java:64)
	at uj.java.pwj2020.spreadsheet.Spreadsheet.getValue(Spreadsheet.java:64)
	at uj.java.pwj2020.spreadsheet.Spreadsheet.getValue(Spreadsheet.java:64)
	at uj.java.pwj2020.spreadsheet.Spreadsheet.getValue(Spreadsheet.java:64)
	at uj.java.pwj2020.spreadsheet.Spreadsheet.getValue(Spreadsheet.java:64)
	at uj.java.pwj2020.spreadsheet.Spreadsheet.getValue(Spreadsheet.java:64)
	at uj.java.pwj2020.spreadsheet.Spreadsheet.getValue(Spreadsheet.java:64)
	at uj.java.pwj2020.spreadsheet.Spreadsheet.getValue(Spreadsheet.java:64)
	at uj.java.pwj2020.spreadsheet.Spreadsheet.getValue(Spreadsheet.java:64)
	at uj.java.pwj2020.spreadsheet.Spreadsheet.getValue(Spreadsheet.java:64)
	at uj.java.pwj2020.spreadsheet.Spreadsheet.getValue(Spreadsheet.java:64)
	at uj.java.pwj2020.spreadsheet.Spreadsheet.getValue(Spreadsheet.java:64)
	at uj.java.pwj2020.spreadsheet.Spreadsheet.getValue(Spreadsheet.java:64)
	at uj.java.pwj2020.spreadsheet.Spreadsheet.getValue(Spreadsheet.java:64)
	at uj.java.pwj2020.spreadsheet.Spreadsheet.getValue(Spreadsheet.java:64)
	at uj.java.pwj2020.spreadsheet.Spreadsheet.getValue(Spreadsheet.java:64)
	at uj.java.pwj2020.spreadsheet.Spreadsheet.getValue(Spreadsheet.java:64)
	at uj.java.pwj2020.spreadsheet.Spreadsheet.getValue(Spreadsheet.java:64)
	at uj.java.pwj2020.spreadsheet.Spreadsheet.getValue(Spreadsheet.java:64)
	at uj.java.pwj2020.spreadsheet.Spreadsheet.getValue(Spreadsheet.java:64)
	at uj.java.pwj2020.spreadsheet.Spreadsheet.getValue(Spreadsheet.java:64)
	at uj.java.pwj2020.spreadsheet.Spreadsheet.getValue(Spreadsheet.java:64)
	at uj.java.pwj2020.spreadsheet.Spreadsheet.getValue(Spreadsheet.java:64)
	at uj.java.pwj2020.spreadsheet.Spreadsheet.getValue(Spreadsheet.java:64)
	at uj.java.pwj2020.spreadsheet.Spreadsheet.getValue(Spreadsheet.java:64)
	at uj.java.pwj2020.spreadsheet.Spreadsheet.getValue(Spreadsheet.java:64)
	at uj.java.pwj2020.spreadsheet.Spreadsheet.getValue(Spreadsheet.java:64)
	at uj.java.pwj2020.spreadsheet.Spreadsheet.getValue(Spreadsheet.java:64)
	at uj.java.pwj2020.spreadsheet.Spreadsheet.getValue(Spreadsheet.java:64)
	at uj.java.pwj2020.spreadsheet.Spreadsheet.getValue(Spreadsheet.java:64)
	at uj.java.pwj2020.spreadsheet.Spreadsheet.getValue(Spreadsheet.java:64)
	at uj.java.pwj2020.spreadsheet.Spreadsheet.getValue(Spreadsheet.java:64)
	at uj.java.pwj2020.spreadsheet.Spreadsheet.getValue(Spreadsheet.java:64)
	at uj.java.pwj2020.spreadsheet.Spreadsheet.getValue(Spreadsheet.java:64)
	at uj.java.pwj2020.spreadsheet.Spreadsheet.getValue(Spreadsheet.java:64)
	at uj.java.pwj2020.spreadsheet.Spreadsheet.getValue(Spreadsheet.java:64)
	at uj.java.pwj2020.spreadsheet.Spreadsheet.getValue(Spreadsheet.java:64)
	at uj.java.pwj2020.spreadsheet.Spreadsheet.getValue(Spreadsheet.java:64)
	at uj.java.pwj2020.spreadsheet.Spreadsheet.getValue(Spreadsheet.java:64)
	at uj.java.pwj2020.spreadsheet.Spreadsheet.getValue(Spreadsheet.java:64)
	at uj.java.pwj2020.spreadsheet.Spreadsheet.getValue(Spreadsheet.java:64)
	at uj.java.pwj2020.spreadsheet.Spreadsheet.getValue(Spreadsheet.java:64)
	at uj.java.pwj2020.spreadsheet.Spreadsheet.getValue(Spreadsheet.java:64)
	at uj.java.pwj2020.spreadsheet.Spreadsheet.getValue(Spreadsheet.java:64)
	at uj.java.pwj2020.spreadsheet.Spreadsheet.getValue(Spreadsheet.java:64)
	at uj.java.pwj2020.spreadsheet.Spreadsheet.getValue(Spreadsheet.java:64)
	at uj.java.pwj2020.spreadsheet.Spreadsheet.getValue(Spreadsheet.java:64)
	at uj.java.pwj2020.spreadsheet.Spreadsheet.getValue(Spreadsheet.java:64)
	at uj.java.pwj2020.spreadsheet.Spreadsheet.getValue(Spreadsheet.java:64)
	at uj.java.pwj2020.spreadsheet.Spreadsheet.getValue(Spreadsheet.java:64)
	at uj.java.pwj2020.spreadsheet.Spreadsheet.getValue(Spreadsheet.java:64)
	at uj.java.pwj2020.spreadsheet.Spreadsheet.getValue(Spreadsheet.java:64)
	at uj.java.pwj2020.spreadsheet.Spreadsheet.getValue(Spreadsheet.java:64)
	at uj.java.pwj2020.spreadsheet.Spreadsheet.getValue(Spreadsheet.java:64)
	at uj.java.pwj2020.spreadsheet.Spreadsheet.getValue(Spreadsheet.java:64)
	at uj.java.pwj2020.spreadsheet.Spreadsheet.getValue(Spreadsheet.java:64)
	at uj.java.pwj2020.spreadsheet.Spreadsheet.getValue(Spreadsheet.java:64)
	at uj.java.pwj2020.spreadsheet.Spreadsheet.getValue(Spreadsheet.java:64)
	at uj.java.pwj2020.spreadsheet.Spreadsheet.getValue(Spreadsheet.java:64)
	at uj.java.pwj2020.spreadsheet.Spreadsheet.getValue(Spreadsheet.java:64)
	at uj.java.pwj2020.spreadsheet.Spreadsheet.getValue(Spreadsheet.java:64)
	at uj.java.pwj2020.spreadsheet.Spreadsheet.getValue(Spreadsheet.java:64)
	at uj.java.pwj2020.spreadsheet.Spreadsheet.getValue(Spreadsheet.java:64)
	at uj.java.pwj2020.spreadsheet.Spreadsheet.getValue(Spreadsheet.java:64)
	at uj.java.pwj2020.spreadsheet.Spreadsheet.getValue(Spreadsheet.java:64)
	at uj.java.pwj2020.spreadsheet.Spreadsheet.getValue(Spreadsheet.java:64)
	at uj.java.pwj2020.spreadsheet.Spreadsheet.getValue(Spreadsheet.java:64)
	at uj.java.pwj2020.spreadsheet.Spreadsheet.getValue(Spreadsheet.java:64)
	at uj.java.pwj2020.spreadsheet.Spreadsheet.getValue(Spreadsheet.java:64)
	at uj.java.pwj2020.spreadsheet.Spreadsheet.getValue(Spreadsheet.java:64)
	at uj.java.pwj2020.spreadsheet.Spreadsheet.getValue(Spreadsheet.java:64)
	at uj.java.pwj2020.spreadsheet.Spreadsheet.getValue(Spreadsheet.java:64)
	at uj.java.pwj2020.spreadsheet.Spreadsheet.getValue(Spreadsheet.java:64)
	at uj.java.pwj2020.spreadsheet.Spreadsheet.getValue(Spreadsheet.java:64)
	at uj.java.pwj2020.spreadsheet.Spreadsheet.getValue(Spreadsheet.java:64)
	at uj.java.pwj2020.spreadsheet.Spreadsheet.getValue(Spreadsheet.java:64)
	at uj.java.pwj2020.spreadsheet.Spreadsheet.getValue(Spreadsheet.java:64)
	at uj.java.pwj2020.spreadsheet.Spreadsheet.getValue(Spreadsheet.java:64)
	at uj.java.pwj2020.spreadsheet.Spreadsheet.getValue(Spreadsheet.java:64)
	at uj.java.pwj2020.spreadsheet.Spreadsheet.getValue(Spreadsheet.java:64)
	at uj.java.pwj2020.spreadsheet.Spreadsheet.getValue(Spreadsheet.java:64)
	at uj.java.pwj2020.spreadsheet.Spreadsheet.getValue(Spreadsheet.java:64)
	at uj.java.pwj2020.spreadsheet.Spreadsheet.getValue(Spreadsheet.java:64)
	at uj.java.pwj2020.spreadsheet.Spreadsheet.getValue(Spreadsheet.java:64)
	at uj.java.pwj2020.spreadsheet.Spreadsheet.getValue(Spreadsheet.java:64)
	at uj.java.pwj2020.spreadsheet.Spreadsheet.getValue(Spreadsheet.java:64)
	at uj.java.pwj2020.spreadsheet.Spreadsheet.getValue(Spreadsheet.java:64)
	at uj.java.pwj2020.spreadsheet.Spreadsheet.getValue(Spreadsheet.java:64)
	at uj.java.pwj2020.spreadsheet.Spreadsheet.getValue(Spreadsheet.java:64)
	at uj.java.pwj2020.spreadsheet.Spreadsheet.getValue(Spreadsheet.java:64)
	at uj.java.pwj2020.spreadsheet.Spreadsheet.getValue(Spreadsheet.java:64)
	at uj.java.pwj2020.spreadsheet.Spreadsheet.getValue(Spreadsheet.java:64)
	at uj.java.pwj2020.spreadsheet.Spreadsheet.getValue(Spreadsheet.java:64)
	at uj.java.pwj2020.spreadsheet.Spreadsheet.getValue(Spreadsheet.java:64)
	at uj.java.pwj2020.spreadsheet.Spreadsheet.getValue(Spreadsheet.java:64)
	at uj.java.pwj2020.spreadsheet.Spreadsheet.getValue(Spreadsheet.java:64)
	at uj.java.pwj2020.spreadsheet.Spreadsheet.getValue(Spreadsheet.java:64)
	at uj.java.pwj2020.spreadsheet.Spreadsheet.getValue(Spreadsheet.java:64)
	at uj.java.pwj2020.spreadsheet.Spreadsheet.getValue(Spreadsheet.java:64)
	at uj.java.pwj2020.spreadsheet.Spreadsheet.getValue(Spreadsheet.java:64)
	at uj.java.pwj2020.spreadsheet.Spreadsheet.getValue(Spreadsheet.java:64)
	at uj.java.pwj2020.spreadsheet.Spreadsheet.getValue(Spreadsheet.java:64)
	at uj.java.pwj2020.spreadsheet.Spreadsheet.getValue(Spreadsheet.java:64)
	at uj.java.pwj2020.spreadsheet.Spreadsheet.getValue(Spreadsheet.java:64)
	at uj.java.pwj2020.spreadsheet.Spreadsheet.getValue(Spreadsheet.java:64)
	at uj.java.pwj2020.spreadsheet.Spreadsheet.getValue(Spreadsheet.java:64)
	at uj.java.pwj2020.spreadsheet.Spreadsheet.getValue(Spreadsheet.java:64)
	at uj.java.pwj2020.spreadsheet.Spreadsheet.getValue(Spreadsheet.java:64)
	at uj.java.pwj2020.spreadsheet.Spreadsheet.getValue(Spreadsheet.java:64)
	at uj.java.pwj2020.spreadsheet.Spreadsheet.getValue(Spreadsheet.java:64)
	at uj.java.pwj2020.spreadsheet.Spreadsheet.getValue(Spreadsheet.java:64)
	at uj.java.pwj2020.spreadsheet.Spreadsheet.getValue(Spreadsheet.java:64)
	at uj.java.pwj2020.spreadsheet.Spreadsheet.getValue(Spreadsheet.java:64)
	at uj.java.pwj2020.spreadsheet.Spreadsheet.getValue(Spreadsheet.java:64)
	at uj.java.pwj2020.spreadsheet.Spreadsheet.getValue(Spreadsheet.java:64)
	at uj.java.pwj2020.spreadsheet.Spreadsheet.getValue(Spreadsheet.java:64)
	at uj.java.pwj2020.spreadsheet.Spreadsheet.getValue(Spreadsheet.java:64)
	at uj.java.pwj2020.spreadsheet.Spreadsheet.getValue(Spreadsheet.java:64)
	at uj.java.pwj2020.spreadsheet.Spreadsheet.getValue(Spreadsheet.java:64)
	at uj.java.pwj2020.spreadsheet.Spreadsheet.getValue(Spreadsheet.java:64)
	at uj.java.pwj2020.spreadsheet.Spreadsheet.getValue(Spreadsheet.java:64)
	at uj.java.pwj2020.spreadsheet.Spreadsheet.getValue(Spreadsheet.java:64)
	at uj.java.pwj2020.spreadsheet.Spreadsheet.getValue(Spreadsheet.java:64)
	at uj.java.pwj2020.spreadsheet.Spreadsheet.getValue(Spreadsheet.java:64)
	at uj.java.pwj2020.spreadsheet.Spreadsheet.getValue(Spreadsheet.java:64)
	at uj.java.pwj2020.spreadsheet.Spreadsheet.getValue(Spreadsheet.java:64)
	at uj.java.pwj2020.spreadsheet.Spreadsheet.getValue(Spreadsheet.java:64)
	at uj.java.pwj2020.spreadsheet.Spreadsheet.getValue(Spreadsheet.java:64)
	at uj.java.pwj2020.spreadsheet.Spreadsheet.getValue(Spreadsheet.java:64)
	at uj.java.pwj2020.spreadsheet.Spreadsheet.getValue(Spreadsheet.java:64)
	at uj.java.pwj2020.spreadsheet.Spreadsheet.getValue(Spreadsheet.java:64)
	at uj.java.pwj2020.spreadsheet.Spreadsheet.getValue(Spreadsheet.java:64)
	at uj.java.pwj2020.spreadsheet.Spreadsheet.getValue(Spreadsheet.java:64)
	at uj.java.pwj2020.spreadsheet.Spreadsheet.getValue(Spreadsheet.java:64)
	at uj.java.pwj2020.spreadsheet.Spreadsheet.getValue(Spreadsheet.java:64)
	at uj.java.pwj2020.spreadsheet.Spreadsheet.getValue(Spreadsheet.java:64)
	at uj.java.pwj2020.spreadsheet.Spreadsheet.getValue(Spreadsheet.java:64)
	at uj.java.pwj2020.spreadsheet.Spreadsheet.getValue(Spreadsheet.java:64)
	at uj.java.pwj2020.spreadsheet.Spreadsheet.getValue(Spreadsheet.java:64)
	at uj.java.pwj2020.spreadsheet.Spreadsheet.getValue(Spreadsheet.java:64)
	at uj.java.pwj2020.spreadsheet.Spreadsheet.getValue(Spreadsheet.java:64)
	at uj.java.pwj2020.spreadsheet.Spreadsheet.getValue(Spreadsheet.java:64)
	at uj.java.pwj2020.spreadsheet.Spreadsheet.getValue(Spreadsheet.java:64)
	at uj.java.pwj2020.spreadsheet.Spreadsheet.getValue(Spreadsheet.java:64)
	at uj.java.pwj2020.spreadsheet.Spreadsheet.getValue(Spreadsheet.java:64)
	at uj.java.pwj2020.spreadsheet.Spreadsheet.getValue(Spreadsheet.java:64)
	at uj.java.pwj2020.spreadsheet.Spreadsheet.getValue(Spreadsheet.java:64)
	at uj.java.pwj2020.spreadsheet.Spreadsheet.getValue(Spreadsheet.java:64)
	at uj.java.pwj2020.spreadsheet.Spreadsheet.getValue(Spreadsheet.java:64)
	at uj.java.pwj2020.spreadsheet.Spreadsheet.getValue(Spreadsheet.java:64)
	at uj.java.pwj2020.spreadsheet.Spreadsheet.getValue(Spreadsheet.java:64)
	at uj.java.pwj2020.spreadsheet.Spreadsheet.getValue(Spreadsheet.java:64)
	at uj.java.pwj2020.spreadsheet.Spreadsheet.getValue(Spreadsheet.java:64)
	at uj.java.pwj2020.spreadsheet.Spreadsheet.getValue(Spreadsheet.java:64)
	at uj.java.pwj2020.spreadsheet.Spreadsheet.getValue(Spreadsheet.java:64)
	at uj.java.pwj2020.spreadsheet.Spreadsheet.getValue(Spreadsheet.java:64)
	at uj.java.pwj2020.spreadsheet.Spreadsheet.getValue(Spreadsheet.java:64)
	at uj.java.pwj2020.spreadsheet.Spreadsheet.getValue(Spreadsheet.java:64)
	at uj.java.pwj2020.spreadsheet.Spreadsheet.getValue(Spreadsheet.java:64)
	at uj.java.pwj2020.spreadsheet.Spreadsheet.getValue(Spreadsheet.java:64)
	at uj.java.pwj2020.spreadsheet.Spreadsheet.getValue(Spreadsheet.java:64)
	at uj.java.pwj2020.spreadsheet.Spreadsheet.getValue(Spreadsheet.java:64)
	at uj.java.pwj2020.spreadsheet.Spreadsheet.getValue(Spreadsheet.java:64)
	at uj.java.pwj2020.spreadsheet.Spreadsheet.getValue(Spreadsheet.java:64)
	at uj.java.pwj2020.spreadsheet.Spreadsheet.getValue(Spreadsheet.java:64)
	at uj.java.pwj2020.spreadsheet.Spreadsheet.getValue(Spreadsheet.java:64)
	at uj.java.pwj2020.spreadsheet.Spreadsheet.getValue(Spreadsheet.java:64)
	at uj.java.pwj2020.spreadsheet.Spreadsheet.getValue(Spreadsheet.java:64)
	at uj.java.pwj2020.spreadsheet.Spreadsheet.getValue(Spreadsheet.java:64)
	at uj.java.pwj2020.spreadsheet.Spreadsheet.getValue(Spreadsheet.java:64)
	at uj.java.pwj2020.spreadsheet.Spreadsheet.getValue(Spreadsheet.java:64)
	at uj.java.pwj2020.spreadsheet.Spreadsheet.getValue(Spreadsheet.java:64)
	at uj.java.pwj2020.spreadsheet.Spreadsheet.getValue(Spreadsheet.java:64)
	at uj.java.pwj2020.spreadsheet.Spreadsheet.getValue(Spreadsheet.java:64)
	at uj.java.pwj2020.spreadsheet.Spreadsheet.getValue(Spreadsheet.java:64)
	at uj.java.pwj2020.spreadsheet.Spreadsheet.getValue(Spreadsheet.java:64)
	at uj.java.pwj2020.spreadsheet.Spreadsheet.getValue(Spreadsheet.java:64)
	at uj.java.pwj2020.spreadsheet.Spreadsheet.getValue(Spreadsheet.java:64)
	at uj.java.pwj2020.spreadsheet.Spreadsheet.getValue(Spreadsheet.java:64)
	at uj.java.pwj2020.spreadsheet.Spreadsheet.getValue(Spreadsheet.java:64)
	at uj.java.pwj2020.spreadsheet.Spreadsheet.getValue(Spreadsheet.java:64)
	at uj.java.pwj2020.spreadsheet.Spreadsheet.getValue(Spreadsheet.java:64)
	at uj.java.pwj2020.spreadsheet.Spreadsheet.getValue(Spreadsheet.java:64)
	at uj.java.pwj2020.spreadsheet.Spreadsheet.getValue(Spreadsheet.java:64)
	at uj.java.pwj2020.spreadsheet.Spreadsheet.getValue(Spreadsheet.java:64)
	at uj.java.pwj2020.spreadsheet.Spreadsheet.getValue(Spreadsheet.java:64)
	at uj.java.pwj2020.spreadsheet.Spreadsheet.getValue(Spreadsheet.java:64)
	at uj.java.pwj2020.spreadsheet.Spreadsheet.getValue(Spreadsheet.java:64)
	at uj.java.pwj2020.spreadsheet.Spreadsheet.getValue(Spreadsheet.java:64)
	at uj.java.pwj2020.spreadsheet.Spreadsheet.getValue(Spreadsheet.java:64)
	at uj.java.pwj2020.spreadsheet.Spreadsheet.getValue(Spreadsheet.java:64)
	at uj.java.pwj2020.spreadsheet.Spreadsheet.getValue(Spreadsheet.java:64)
	at uj.java.pwj2020.spreadsheet.Spreadsheet.getValue(Spreadsheet.java:64)
	at uj.java.pwj2020.spreadsheet.Spreadsheet.getValue(Spreadsheet.java:64)
	at uj.java.pwj2020.spreadsheet.Spreadsheet.getValue(Spreadsheet.java:64)
	at uj.java.pwj2020.spreadsheet.Spreadsheet.getValue(Spreadsheet.java:64)
	at uj.java.pwj2020.spreadsheet.Spreadsheet.getValue(Spreadsheet.java:64)
	at uj.java.pwj2020.spreadsheet.Spreadsheet.getValue(Spreadsheet.java:64)
	at uj.java.pwj2020.spreadsheet.Spreadsheet.getValue(Spreadsheet.java:64)
	at uj.java.pwj2020.spreadsheet.Spreadsheet.getValue(Spreadsheet.java:64)
	at uj.java.pwj2020.spreadsheet.Spreadsheet.getValue(Spreadsheet.java:64)
	at uj.java.pwj2020.spreadsheet.Spreadsheet.getValue(Spreadsheet.java:64)
	at uj.java.pwj2020.spreadsheet.Spreadsheet.getValue(Spreadsheet.java:64)
	at uj.java.pwj2020.spreadsheet.Spreadsheet.getValue(Spreadsheet.java:64)
	at uj.java.pwj2020.spreadsheet.Spreadsheet.getValue(Spreadsheet.java:64)
	at uj.java.pwj2020.spreadsheet.Spreadsheet.getValue(Spreadsheet.java:64)
	at uj.java.pwj2020.spreadsheet.Spreadsheet.getValue(Spreadsheet.java:64)
	at uj.java.pwj2020.spreadsheet.Spreadsheet.getValue(Spreadsheet.java:64)
	at uj.java.pwj2020.spreadsheet.Spreadsheet.getValue(Spreadsheet.java:64)
	at uj.java.pwj2020.spreadsheet.Spreadsheet.getValue(Spreadsheet.java:64)
	at uj.java.pwj2020.spreadsheet.Spreadsheet.getValue(Spreadsheet.java:64)
	at uj.java.pwj2020.spreadsheet.Spreadsheet.getValue(Spreadsheet.java:64)
	at uj.java.pwj2020.spreadsheet.Spreadsheet.getValue(Spreadsheet.java:64)
	at uj.java.pwj2020.spreadsheet.Spreadsheet.getValue(Spreadsheet.java:64)
	at uj.java.pwj2020.spreadsheet.Spreadsheet.getValue(Spreadsheet.java:64)
	at uj.java.pwj2020.spreadsheet.Spreadsheet.getValue(Spreadsheet.java:64)
	at uj.java.pwj2020.spreadsheet.Spreadsheet.getValue(Spreadsheet.java:64)
	at uj.java.pwj2020.spreadsheet.Spreadsheet.getValue(Spreadsheet.java:64)
	at uj.java.pwj2020.spreadsheet.Spreadsheet.getValue(Spreadsheet.java:64)
	at uj.java.pwj2020.spreadsheet.Spreadsheet.getValue(Spreadsheet.java:64)
	at uj.java.pwj2020.spreadsheet.Spreadsheet.getValue(Spreadsheet.java:64)
	at uj.java.pwj2020.spreadsheet.Spreadsheet.getValue(Spreadsheet.java:64)
	at uj.java.pwj2020.spreadsheet.Spreadsheet.getValue(Spreadsheet.java:64)
	at uj.java.pwj2020.spreadsheet.Spreadsheet.getValue(Spreadsheet.java:64)
	at uj.java.pwj2020.spreadsheet.Spreadsheet.getValue(Spreadsheet.java:64)
	at uj.java.pwj2020.spreadsheet.Spreadsheet.getValue(Spreadsheet.java:64)
	at uj.java.pwj2020.spreadsheet.Spreadsheet.getValue(Spreadsheet.java:64)
	at uj.java.pwj2020.spreadsheet.Spreadsheet.getValue(Spreadsheet.java:64)
	at uj.java.pwj2020.spreadsheet.Spreadsheet.getValue(Spreadsheet.java:64)
	at uj.java.pwj2020.spreadsheet.Spreadsheet.getValue(Spreadsheet.java:64)
	at uj.java.pwj2020.spreadsheet.Spreadsheet.getValue(Spreadsheet.java:64)
	at uj.java.pwj2020.spreadsheet.Spreadsheet.getValue(Spreadsheet.java:64)
	at uj.java.pwj2020.spreadsheet.Spreadsheet.getValue(Spreadsheet.java:64)
	at uj.java.pwj2020.spreadsheet.Spreadsheet.getValue(Spreadsheet.java:64)
	at uj.java.pwj2020.spreadsheet.Spreadsheet.getValue(Spreadsheet.java:64)
	at uj.java.pwj2020.spreadsheet.Spreadsheet.getValue(Spreadsheet.java:64)
	at uj.java.pwj2020.spreadsheet.Spreadsheet.getValue(Spreadsheet.java:64)
	at uj.java.pwj2020.spreadsheet.Spreadsheet.getValue(Spreadsheet.java:64)
	at uj.java.pwj2020.spreadsheet.Spreadsheet.getValue(Spreadsheet.java:64)
	at uj.java.pwj2020.spreadsheet.Spreadsheet.getValue(Spreadsheet.java:64)
	at uj.java.pwj2020.spreadsheet.Spreadsheet.getValue(Spreadsheet.java:64)
	at uj.java.pwj2020.spreadsheet.Spreadsheet.getValue(Spreadsheet.java:64)
	at uj.java.pwj2020.spreadsheet.Spreadsheet.getValue(Spreadsheet.java:64)
	at uj.java.pwj2020.spreadsheet.Spreadsheet.getValue(Spreadsheet.java:64)
	at uj.java.pwj2020.spreadsheet.Spreadsheet.getValue(Spreadsheet.java:64)
	at uj.java.pwj2020.spreadsheet.Spreadsheet.getValue(Spreadsheet.java:64)
	at uj.java.pwj2020.spreadsheet.Spreadsheet.getValue(Spreadsheet.java:64)
	at uj.java.pwj2020.spreadsheet.Spreadsheet.getValue(Spreadsheet.java:64)
	at uj.java.pwj2020.spreadsheet.Spreadsheet.getValue(Spreadsheet.java:64)
	at uj.java.pwj2020.spreadsheet.Spreadsheet.getValue(Spreadsheet.java:64)
	at uj.java.pwj2020.spreadsheet.Spreadsheet.getValue(Spreadsheet.java:64)
	at uj.java.pwj2020.spreadsheet.Spreadsheet.getValue(Spreadsheet.java:64)
	at uj.java.pwj2020.spreadsheet.Spreadsheet.getValue(Spreadsheet.java:64)
	at uj.java.pwj2020.spreadsheet.Spreadsheet.getValue(Spreadsheet.java:64)
	at uj.java.pwj2020.spreadsheet.Spreadsheet.getValue(Spreadsheet.java:64)
	at uj.java.pwj2020.spreadsheet.Spreadsheet.getValue(Spreadsheet.java:64)
	at uj.java.pwj2020.spreadsheet.Spreadsheet.getValue(Spreadsheet.java:64)
	at uj.java.pwj2020.spreadsheet.Spreadsheet.getValue(Spreadsheet.java:64)
	at uj.java.pwj2020.spreadsheet.Spreadsheet.getValue(Spreadsheet.java:64)
	at uj.java.pwj2020.spreadsheet.Spreadsheet.getValue(Spreadsheet.java:64)
	at uj.java.pwj2020.spreadsheet.Spreadsheet.getValue(Spreadsheet.java:64)
	at uj.java.pwj2020.spreadsheet.Spreadsheet.getValue(Spreadsheet.java:64)
	at uj.java.pwj2020.spreadsheet.Spreadsheet.getValue(Spreadsheet.java:64)
	at uj.java.pwj2020.spreadsheet.Spreadsheet.getValue(Spreadsheet.java:64)
	at uj.java.pwj2020.spreadsheet.Spreadsheet.getValue(Spreadsheet.java:64)
	at uj.java.pwj2020.spreadsheet.Spreadsheet.getValue(Spreadsheet.java:64)
	at uj.java.pwj2020.spreadsheet.Spreadsheet.getValue(Spreadsheet.java:64)
	at uj.java.pwj2020.spreadsheet.Spreadsheet.getValue(Spreadsheet.java:64)
	at uj.java.pwj2020.spreadsheet.Spreadsheet.getValue(Spreadsheet.java:64)
	at uj.java.pwj2020.spreadsheet.Spreadsheet.getValue(Spreadsheet.java:64)
	at uj.java.pwj2020.spreadsheet.Spreadsheet.getValue(Spreadsheet.java:64)
	at uj.java.pwj2020.spreadsheet.Spreadsheet.getValue(Spreadsheet.java:64)
	at uj.java.pwj2020.spreadsheet.Spreadsheet.getValue(Spreadsheet.java:64)
	at uj.java.pwj2020.spreadsheet.Spreadsheet.getValue(Spreadsheet.java:64)
	at uj.java.pwj2020.spreadsheet.Spreadsheet.getValue(Spreadsheet.java:64)
	at uj.java.pwj2020.spreadsheet.Spreadsheet.getValue(Spreadsheet.java:64)
	at uj.java.pwj2020.spreadsheet.Spreadsheet.getValue(Spreadsheet.java:64)
	at uj.java.pwj2020.spreadsheet.Spreadsheet.getValue(Spreadsheet.java:64)
	at uj.java.pwj2020.spreadsheet.Spreadsheet.getValue(Spreadsheet.java:64)
	at uj.java.pwj2020.spreadsheet.Spreadsheet.getValue(Spreadsheet.java:64)
	at uj.java.pwj2020.spreadsheet.Spreadsheet.getValue(Spreadsheet.java:64)
	at uj.java.pwj2020.spreadsheet.Spreadsheet.getValue(Spreadsheet.java:64)
	at uj.java.pwj2020.spreadsheet.Spreadsheet.getValue(Spreadsheet.java:64)
	at uj.java.pwj2020.spreadsheet.Spreadsheet.getValue(Spreadsheet.java:64)
	at uj.java.pwj2020.spreadsheet.Spreadsheet.getValue(Spreadsheet.java:64)
	at uj.java.pwj2020.spreadsheet.Spreadsheet.getValue(Spreadsheet.java:64)
	at uj.java.pwj2020.spreadsheet.Spreadsheet.getValue(Spreadsheet.java:64)
	at uj.java.pwj2020.spreadsheet.Spreadsheet.getValue(Spreadsheet.java:64)
	at uj.java.pwj2020.spreadsheet.Spreadsheet.getValue(Spreadsheet.java:64)
	at uj.java.pwj2020.spreadsheet.Spreadsheet.getValue(Spreadsheet.java:64)
	at uj.java.pwj2020.spreadsheet.Spreadsheet.getValue(Spreadsheet.java:64)
	at uj.java.pwj2020.spreadsheet.Spreadsheet.getValue(Spreadsheet.java:64)
	at uj.java.pwj2020.spreadsheet.Spreadsheet.getValue(Spreadsheet.java:64)
	at uj.java.pwj2020.spreadsheet.Spreadsheet.getValue(Spreadsheet.java:64)
	at uj.java.pwj2020.spreadsheet.Spreadsheet.getValue(Spreadsheet.java:64)
	at uj.java.pwj2020.spreadsheet.Spreadsheet.getValue(Spreadsheet.java:64)
	at uj.java.pwj2020.spreadsheet.Spreadsheet.getValue(Spreadsheet.java:64)
	at uj.java.pwj2020.spreadsheet.Spreadsheet.getValue(Spreadsheet.java:64)
	at uj.java.pwj2020.spreadsheet.Spreadsheet.getValue(Spreadsheet.java:64)
	at uj.java.pwj2020.spreadsheet.Spreadsheet.getValue(Spreadsheet.java:64)
	at uj.java.pwj2020.spreadsheet.Spreadsheet.getValue(Spreadsheet.java:64)
	at uj.java.pwj2020.spreadsheet.Spreadsheet.getValue(Spreadsheet.java:64)
	at uj.java.pwj2020.spreadsheet.Spreadsheet.getValue(Spreadsheet.java:64)
	at uj.java.pwj2020.spreadsheet.Spreadsheet.getValue(Spreadsheet.java:64)
	at uj.java.pwj2020.spreadsheet.Spreadsheet.getValue(Spreadsheet.java:64)
	at uj.java.pwj2020.spreadsheet.Spreadsheet.getValue(Spreadsheet.java:64)
	at uj.java.pwj2020.spreadsheet.Spreadsheet.getValue(Spreadsheet.java:64)
	at uj.java.pwj2020.spreadsheet.Spreadsheet.getValue(Spreadsheet.java:64)
	at uj.java.pwj2020.spreadsheet.Spreadsheet.getValue(Spreadsheet.java:64)
	at uj.java.pwj2020.spreadsheet.Spreadsheet.getValue(Spreadsheet.java:64)
	at uj.java.pwj2020.spreadsheet.Spreadsheet.getValue(Spreadsheet.java:64)
	at uj.java.pwj2020.spreadsheet.Spreadsheet.getValue(Spreadsheet.java:64)
	at uj.java.pwj2020.spreadsheet.Spreadsheet.getValue(Spreadsheet.java:64)
	at uj.java.pwj2020.spreadsheet.Spreadsheet.getValue(Spreadsheet.java:64)
	at uj.java.pwj2020.spreadsheet.Spreadsheet.getValue(Spreadsheet.java:64)
	at uj.java.pwj2020.spreadsheet.Spreadsheet.getValue(Spreadsheet.java:64)
	at uj.java.pwj2020.spreadsheet.Spreadsheet.getValue(Spreadsheet.java:64)
	at uj.java.pwj2020.spreadsheet.Spreadsheet.getValue(Spreadsheet.java:64)
	at uj.java.pwj2020.spreadsheet.Spreadsheet.getValue(Spreadsheet.java:64)
	at uj.java.pwj2020.spreadsheet.Spreadsheet.getValue(Spreadsheet.java:64)
	at uj.java.pwj2020.spreadsheet.Spreadsheet.getValue(Spreadsheet.java:64)
	at uj.java.pwj2020.spreadsheet.Spreadsheet.getValue(Spreadsheet.java:64)
	at uj.java.pwj2020.spreadsheet.Spreadsheet.getValue(Spreadsheet.java:64)
	at uj.java.pwj2020.spreadsheet.Spreadsheet.getValue(Spreadsheet.java:64)
	at uj.java.pwj2020.spreadsheet.Spreadsheet.getValue(Spreadsheet.java:64)
	at uj.java.pwj2020.spreadsheet.Spreadsheet.getValue(Spreadsheet.java:64)
	at uj.java.pwj2020.spreadsheet.Spreadsheet.getValue(Spreadsheet.java:64)
	at uj.java.pwj2020.spreadsheet.Spreadsheet.getValue(Spreadsheet.java:64)
	at uj.java.pwj2020.spreadsheet.Spreadsheet.getValue(Spreadsheet.java:64)
	at uj.java.pwj2020.spreadsheet.Spreadsheet.getValue(Spreadsheet.java:64)
	at uj.java.pwj2020.spreadsheet.Spreadsheet.getValue(Spreadsheet.java:64)
	at uj.java.pwj2020.spreadsheet.Spreadsheet.getValue(Spreadsheet.java:64)
	at uj.java.pwj2020.spreadsheet.Spreadsheet.getValue(Spreadsheet.java:64)
	at uj.java.pwj2020.spreadsheet.Spreadsheet.getValue(Spreadsheet.java:64)
	at uj.java.pwj2020.spreadsheet.Spreadsheet.getValue(Spreadsheet.java:64)
	at uj.java.pwj2020.spreadsheet.Spreadsheet.getValue(Spreadsheet.java:64)
	at uj.java.pwj2020.spreadsheet.Spreadsheet.getValue(Spreadsheet.java:64)
	at uj.java.pwj2020.spreadsheet.Spreadsheet.getValue(Spreadsheet.java:64)
	at uj.java.pwj2020.spreadsheet.Spreadsheet.getValue(Spreadsheet.java:64)
	at uj.java.pwj2020.spreadsheet.Spreadsheet.getValue(Spreadsheet.java:64)
	at uj.java.pwj2020.spreadsheet.Spreadsheet.getValue(Spreadsheet.java:64)
	at uj.java.pwj2020.spreadsheet.Spreadsheet.getValue(Spreadsheet.java:64)
	at uj.java.pwj2020.spreadsheet.Spreadsheet.getValue(Spreadsheet.java:64)
	at uj.java.pwj2020.spreadsheet.Spreadsheet.getValue(Spreadsheet.java:64)
	at uj.java.pwj2020.spreadsheet.Spreadsheet.getValue(Spreadsheet.java:64)
	at uj.java.pwj2020.spreadsheet.Spreadsheet.getValue(Spreadsheet.java:64)
	at uj.java.pwj2020.spreadsheet.Spreadsheet.getValue(Spreadsheet.java:64)
	at uj.java.pwj2020.spreadsheet.Spreadsheet.getValue(Spreadsheet.java:64)
	at uj.java.pwj2020.spreadsheet.Spreadsheet.getValue(Spreadsheet.java:64)
	at uj.java.pwj2020.spreadsheet.Spreadsheet.getValue(Spreadsheet.java:64)
	at uj.java.pwj2020.spreadsheet.Spreadsheet.getValue(Spreadsheet.java:64)
	at uj.java.pwj2020.spreadsheet.Spreadsheet.getValue(Spreadsheet.java:64)
	at uj.java.pwj2020.spreadsheet.Spreadsheet.getValue(Spreadsheet.java:64)
	at uj.java.pwj2020.spreadsheet.Spreadsheet.getValue(Spreadsheet.java:64)
	at uj.java.pwj2020.spreadsheet.Spreadsheet.getValue(Spreadsheet.java:64)
	at uj.java.pwj2020.spreadsheet.Spreadsheet.getValue(Spreadsheet.java:64)
	at uj.java.pwj2020.spreadsheet.Spreadsheet.getValue(Spreadsheet.java:64)
	at uj.java.pwj2020.spreadsheet.Spreadsheet.getValue(Spreadsheet.java:64)
	at uj.java.pwj2020.spreadsheet.Spreadsheet.getValue(Spreadsheet.java:64)
	at uj.java.pwj2020.spreadsheet.Spreadsheet.getValue(Spreadsheet.java:64)
	at uj.java.pwj2020.spreadsheet.Spreadsheet.getValue(Spreadsheet.java:64)
	at uj.java.pwj2020.spreadsheet.Spreadsheet.getValue(Spreadsheet.java:64)
	at uj.java.pwj2020.spreadsheet.Spreadsheet.getValue(Spreadsheet.java:64)
	at uj.java.pwj2020.spreadsheet.Spreadsheet.getValue(Spreadsheet.java:64)
	at uj.java.pwj2020.spreadsheet.Spreadsheet.getValue(Spreadsheet.java:64)
	at uj.java.pwj2020.spreadsheet.Spreadsheet.getValue(Spreadsheet.java:64)
	at uj.java.pwj2020.spreadsheet.Spreadsheet.getValue(Spreadsheet.java:64)
	at uj.java.pwj2020.spreadsheet.Spreadsheet.getValue(Spreadsheet.java:64)
	at uj.java.pwj2020.spreadsheet.Spreadsheet.getValue(Spreadsheet.java:64)
	at uj.java.pwj2020.spreadsheet.Spreadsheet.getValue(Spreadsheet.java:64)
	at uj.java.pwj2020.spreadsheet.Spreadsheet.getValue(Spreadsheet.java:64)
	at uj.java.pwj2020.spreadsheet.Spreadsheet.getValue(Spreadsheet.java:64)
	at uj.java.pwj2020.spreadsheet.Spreadsheet.getValue(Spreadsheet.java:64)
	at uj.java.pwj2020.spreadsheet.Spreadsheet.getValue(Spreadsheet.java:64)
	at uj.java.pwj2020.spreadsheet.Spreadsheet.getValue(Spreadsheet.java:64)
	at uj.java.pwj2020.spreadsheet.Spreadsheet.getValue(Spreadsheet.java:64)
	at uj.java.pwj2020.spreadsheet.Spreadsheet.getValue(Spreadsheet.java:64)
	at uj.java.pwj2020.spreadsheet.Spreadsheet.getValue(Spreadsheet.java:64)
	at uj.java.pwj2020.spreadsheet.Spreadsheet.getValue(Spreadsheet.java:64)
	at uj.java.pwj2020.spreadsheet.Spreadsheet.getValue(Spreadsheet.java:64)
	at uj.java.pwj2020.spreadsheet.Spreadsheet.getValue(Spreadsheet.java:64)
	at uj.java.pwj2020.spreadsheet.Spreadsheet.getValue(Spreadsheet.java:64)
	at uj.java.pwj2020.spreadsheet.Spreadsheet.getValue(Spreadsheet.java:64)
	at uj.java.pwj2020.spreadsheet.Spreadsheet.getValue(Spreadsheet.java:64)
	at uj.java.pwj2020.spreadsheet.Spreadsheet.getValue(Spreadsheet.java:64)
	at uj.java.pwj2020.spreadsheet.Spreadsheet.getValue(Spreadsheet.java:64)
	at uj.java.pwj2020.spreadsheet.Spreadsheet.getValue(Spreadsheet.java:64)
	at uj.java.pwj2020.spreadsheet.Spreadsheet.getValue(Spreadsheet.java:64)
	at uj.java.pwj2020.spreadsheet.Spreadsheet.getValue(Spreadsheet.java:64)
	at uj.java.pwj2020.spreadsheet.Spreadsheet.getValue(Spreadsheet.java:64)
	at uj.java.pwj2020.spreadsheet.Spreadsheet.getValue(Spreadsheet.java:64)
	at uj.java.pwj2020.spreadsheet.Spreadsheet.getValue(Spreadsheet.java:64)
	at uj.java.pwj2020.spreadsheet.Spreadsheet.getValue(Spreadsheet.java:64)
	at uj.java.pwj2020.spreadsheet.Spreadsheet.getValue(Spreadsheet.java:64)
	at uj.java.pwj2020.spreadsheet.Spreadsheet.getValue(Spreadsheet.java:64)
	at uj.java.pwj2020.spreadsheet.Spreadsheet.getValue(Spreadsheet.java:64)
	at uj.java.pwj2020.spreadsheet.Spreadsheet.getValue(Spreadsheet.java:64)
	at uj.java.pwj2020.spreadsheet.Spreadsheet.getValue(Spreadsheet.java:64)
	at uj.java.pwj2020.spreadsheet.Spreadsheet.getValue(Spreadsheet.java:64)
	at uj.java.pwj2020.spreadsheet.Spreadsheet.getValue(Spreadsheet.java:64)
	at uj.java.pwj2020.spreadsheet.Spreadsheet.getValue(Spreadsheet.java:64)
	at uj.java.pwj2020.spreadsheet.Spreadsheet.getValue(Spreadsheet.java:64)
	at uj.java.pwj2020.spreadsheet.Spreadsheet.getValue(Spreadsheet.java:64)
	at uj.java.pwj2020.spreadsheet.Spreadsheet.getValue(Spreadsheet.java:64)
	at uj.java.pwj2020.spreadsheet.Spreadsheet.getValue(Spreadsheet.java:64)
	at uj.java.pwj2020.spreadsheet.Spreadsheet.getValue(Spreadsheet.java:64)
	at uj.java.pwj2020.spreadsheet.Spreadsheet.getValue(Spreadsheet.java:64)
	at uj.java.pwj2020.spreadsheet.Spreadsheet.getValue(Spreadsheet.java:64)
	at uj.java.pwj2020.spreadsheet.Spreadsheet.getValue(Spreadsheet.java:64)
	at uj.java.pwj2020.spreadsheet.Spreadsheet.getValue(Spreadsheet.java:64)
	at uj.java.pwj2020.spreadsheet.Spreadsheet.getValue(Spreadsheet.java:64)
	at uj.java.pwj2020.spreadsheet.Spreadsheet.getValue(Spreadsheet.java:64)
	at uj.java.pwj2020.spreadsheet.Spreadsheet.getValue(Spreadsheet.java:64)
	at uj.java.pwj2020.spreadsheet.Spreadsheet.getValue(Spreadsheet.java:64)
	at uj.java.pwj2020.spreadsheet.Spreadsheet.getValue(Spreadsheet.java:64)
	at uj.java.pwj2020.spreadsheet.Spreadsheet.getValue(Spreadsheet.java:64)
	at uj.java.pwj2020.spreadsheet.Spreadsheet.getValue(Spreadsheet.java:64)
	at uj.java.pwj2020.spreadsheet.Spreadsheet.getValue(Spreadsheet.java:64)
	at uj.java.pwj2020.spreadsheet.Spreadsheet.getValue(Spreadsheet.java:64)
	at uj.java.pwj2020.spreadsheet.Spreadsheet.getValue(Spreadsheet.java:64)
	at uj.java.pwj2020.spreadsheet.Spreadsheet.getValue(Spreadsheet.java:64)
	at uj.java.pwj2020.spreadsheet.Spreadsheet.getValue(Spreadsheet.java:64)
	at uj.java.pwj2020.spreadsheet.Spreadsheet.getValue(Spreadsheet.java:64)
	at uj.java.pwj2020.spreadsheet.Spreadsheet.getValue(Spreadsheet.java:64)
	at uj.java.pwj2020.spreadsheet.Spreadsheet.getValue(Spreadsheet.java:64)
	at uj.java.pwj2020.spreadsheet.Spreadsheet.getValue(Spreadsheet.java:64)
	at uj.java.pwj2020.spreadsheet.Spreadsheet.getValue(Spreadsheet.java:64)
	at uj.java.pwj2020.spreadsheet.Spreadsheet.getValue(Spreadsheet.java:64)
	at uj.java.pwj2020.spreadsheet.Spreadsheet.getValue(Spreadsheet.java:64)
	at uj.java.pwj2020.spreadsheet.Spreadsheet.getValue(Spreadsheet.java:64)
	at uj.java.pwj2020.spreadsheet.Spreadsheet.getValue(Spreadsheet.java:64)
	at uj.java.pwj2020.spreadsheet.Spreadsheet.getValue(Spreadsheet.java:64)
	at uj.java.pwj2020.spreadsheet.Spreadsheet.getValue(Spreadsheet.java:64)
	at uj.java.pwj2020.spreadsheet.Spreadsheet.getValue(Spreadsheet.java:64)
	at uj.java.pwj2020.spreadsheet.Spreadsheet.getValue(Spreadsheet.java:64)
	at uj.java.pwj2020.spreadsheet.Spreadsheet.getValue(Spreadsheet.java:64)
	at uj.java.pwj2020.spreadsheet.Spreadsheet.getValue(Spreadsheet.java:64)
	at uj.java.pwj2020.spreadsheet.Spreadsheet.getValue(Spreadsheet.java:64)
	at uj.java.pwj2020.spreadsheet.Spreadsheet.getValue(Spreadsheet.java:64)
	at uj.java.pwj2020.spreadsheet.Spreadsheet.getValue(Spreadsheet.java:64)
	at uj.java.pwj2020.spreadsheet.Spreadsheet.getValue(Spreadsheet.java:64)
	at uj.java.pwj2020.spreadsheet.Spreadsheet.getValue(Spreadsheet.java:64)
	at uj.java.pwj2020.spreadsheet.Spreadsheet.getValue(Spreadsheet.java:64)
	at uj.java.pwj2020.spreadsheet.Spreadsheet.getValue(Spreadsheet.java:64)
	at uj.java.pwj2020.spreadsheet.Spreadsheet.getValue(Spreadsheet.java:64)
	at uj.java.pwj2020.spreadsheet.Spreadsheet.getValue(Spreadsheet.java:64)
	at uj.java.pwj2020.spreadsheet.Spreadsheet.getValue(Spreadsheet.java:64)
	at uj.java.pwj2020.spreadsheet.Spreadsheet.getValue(Spreadsheet.java:64)
	at uj.java.pwj2020.spreadsheet.Spreadsheet.getValue(Spreadsheet.java:64)
	at uj.java.pwj2020.spreadsheet.Spreadsheet.getValue(Spreadsheet.java:64)
	at uj.java.pwj2020.spreadsheet.Spreadsheet.getValue(Spreadsheet.java:64)
	at uj.java.pwj2020.spreadsheet.Spreadsheet.getValue(Spreadsheet.java:64)
	at uj.java.pwj2020.spreadsheet.Spreadsheet.getValue(Spreadsheet.java:64)
	at uj.java.pwj2020.spreadsheet.Spreadsheet.getValue(Spreadsheet.java:64)
	at uj.java.pwj2020.spreadsheet.Spreadsheet.getValue(Spreadsheet.java:64)
	at uj.java.pwj2020.spreadsheet.Spreadsheet.getValue(Spreadsheet.java:64)
	at uj.java.pwj2020.spreadsheet.Spreadsheet.getValue(Spreadsheet.java:64)
	at uj.java.pwj2020.spreadsheet.Spreadsheet.getValue(Spreadsheet.java:64)
	at uj.java.pwj2020.spreadsheet.Spreadsheet.getValue(Spreadsheet.java:64)
	at uj.java.pwj2020.spreadsheet.Spreadsheet.getValue(Spreadsheet.java:64)
	at uj.java.pwj2020.spreadsheet.Spreadsheet.getValue(Spreadsheet.java:64)
	at uj.java.pwj2020.spreadsheet.Spreadsheet.getValue(Spreadsheet.java:64)
	at uj.java.pwj2020.spreadsheet.Spreadsheet.getValue(Spreadsheet.java:64)
	at uj.java.pwj2020.spreadsheet.Spreadsheet.getValue(Spreadsheet.java:64)
	at uj.java.pwj2020.spreadsheet.Spreadsheet.getValue(Spreadsheet.java:64)
	at uj.java.pwj2020.spreadsheet.Spreadsheet.getValue(Spreadsheet.java:64)
	at uj.java.pwj2020.spreadsheet.Spreadsheet.getValue(Spreadsheet.java:64)
	at uj.java.pwj2020.spreadsheet.Spreadsheet.getValue(Spreadsheet.java:64)
	at uj.java.pwj2020.spreadsheet.Spreadsheet.getValue(Spreadsheet.java:64)
	at uj.java.pwj2020.spreadsheet.Spreadsheet.getValue(Spreadsheet.java:64)
	at uj.java.pwj2020.spreadsheet.Spreadsheet.getValue(Spreadsheet.java:64)
	at uj.java.pwj2020.spreadsheet.Spreadsheet.getValue(Spreadsheet.java:64)
	at uj.java.pwj2020.spreadsheet.Spreadsheet.getValue(Spreadsheet.java:64)
	at uj.java.pwj2020.spreadsheet.Spreadsheet.getValue(Spreadsheet.java:64)
	at uj.java.pwj2020.spreadsheet.Spreadsheet.getValue(Spreadsheet.java:64)
	at uj.java.pwj2020.spreadsheet.Spreadsheet.getValue(Spreadsheet.java:64)
	at uj.java.pwj2020.spreadsheet.Spreadsheet.getValue(Spreadsheet.java:64)
	at uj.java.pwj2020.spreadsheet.Spreadsheet.getValue(Spreadsheet.java:64)
	at uj.java.pwj2020.spreadsheet.Spreadsheet.getValue(Spreadsheet.java:64)
	at uj.java.pwj2020.spreadsheet.Spreadsheet.getValue(Spreadsheet.java:64)
	at uj.java.pwj2020.spreadsheet.Spreadsheet.getValue(Spreadsheet.java:64)
	at uj.java.pwj2020.spreadsheet.Spreadsheet.getValue(Spreadsheet.java:64)
	at uj.java.pwj2020.spreadsheet.Spreadsheet.getValue(Spreadsheet.java:64)
	at uj.java.pwj2020.spreadsheet.Spreadsheet.getValue(Spreadsheet.java:64)
	at uj.java.pwj2020.spreadsheet.Spreadsheet.getValue(Spreadsheet.java:64)
	at uj.java.pwj2020.spreadsheet.Spreadsheet.getValue(Spreadsheet.java:64)
	at uj.java.pwj2020.spreadsheet.Spreadsheet.getValue(Spreadsheet.java:64)
	at uj.java.pwj2020.spreadsheet.Spreadsheet.getValue(Spreadsheet.java:64)
	at uj.java.pwj2020.spreadsheet.Spreadsheet.getValue(Spreadsheet.java:64)
	at uj.java.pwj2020.spreadsheet.Spreadsheet.getValue(Spreadsheet.java:64)
	at uj.java.pwj2020.spreadsheet.Spreadsheet.getValue(Spreadsheet.java:64)
	at uj.java.pwj2020.spreadsheet.Spreadsheet.getValue(Spreadsheet.java:64)
	at uj.java.pwj2020.spreadsheet.Spreadsheet.getValue(Spreadsheet.java:64)
	at uj.java.pwj2020.spreadsheet.Spreadsheet.getValue(Spreadsheet.java:64)
	at uj.java.pwj2020.spreadsheet.Spreadsheet.getValue(Spreadsheet.java:64)
	at uj.java.pwj2020.spreadsheet.Spreadsheet.getValue(Spreadsheet.java:64)
	at uj.java.pwj2020.spreadsheet.Spreadsheet.getValue(Spreadsheet.java:64)
	at uj.java.pwj2020.spreadsheet.Spreadsheet.getValue(Spreadsheet.java:64)
	at uj.java.pwj2020.spreadsheet.Spreadsheet.getValue(Spreadsheet.java:64)
	at uj.java.pwj2020.spreadsheet.Spreadsheet.getValue(Spreadsheet.java:64)
	at uj.java.pwj2020.spreadsheet.Spreadsheet.getValue(Spreadsheet.java:64)
	at uj.java.pwj2020.spreadsheet.Spreadsheet.getValue(Spreadsheet.java:64)
	at uj.java.pwj2020.spreadsheet.Spreadsheet.getValue(Spreadsheet.java:64)
	at uj.java.pwj2020.spreadsheet.Spreadsheet.getValue(Spreadsheet.java:64)
	at uj.java.pwj2020.spreadsheet.Spreadsheet.getValue(Spreadsheet.java:64)
	at uj.java.pwj2020.spreadsheet.Spreadsheet.getValue(Spreadsheet.java:64)
	at uj.java.pwj2020.spreadsheet.Spreadsheet.getValue(Spreadsheet.java:64)
	at uj.java.pwj2020.spreadsheet.Spreadsheet.getValue(Spreadsheet.java:64)
	at uj.java.pwj2020.spreadsheet.Spreadsheet.getValue(Spreadsheet.java:64)
	at uj.java.pwj2020.spreadsheet.Spreadsheet.getValue(Spreadsheet.java:64)
	at uj.java.pwj2020.spreadsheet.Spreadsheet.getValue(Spreadsheet.java:64)
	at uj.java.pwj2020.spreadsheet.Spreadsheet.getValue(Spreadsheet.java:64)
	at uj.java.pwj2020.spreadsheet.Spreadsheet.getValue(Spreadsheet.java:64)
	at uj.java.pwj2020.spreadsheet.Spreadsheet.getValue(Spreadsheet.java:64)
	at uj.java.pwj2020.spreadsheet.Spreadsheet.getValue(Spreadsheet.java:64)
	at uj.java.pwj2020.spreadsheet.Spreadsheet.getValue(Spreadsheet.java:64)
	at uj.java.pwj2020.spreadsheet.Spreadsheet.getValue(Spreadsheet.java:64)
	at uj.java.pwj2020.spreadsheet.Spreadsheet.getValue(Spreadsheet.java:64)
	at uj.java.pwj2020.spreadsheet.Spreadsheet.getValue(Spreadsheet.java:64)
	at uj.java.pwj2020.spreadsheet.Spreadsheet.getValue(Spreadsheet.java:64)
	at uj.java.pwj2020.spreadsheet.Spreadsheet.getValue(Spreadsheet.java:64)
	at uj.java.pwj2020.spreadsheet.Spreadsheet.getValue(Spreadsheet.java:64)
	at uj.java.pwj2020.spreadsheet.Spreadsheet.getValue(Spreadsheet.java:64)
	at uj.java.pwj2020.spreadsheet.Spreadsheet.getValue(Spreadsheet.java:64)
	at uj.java.pwj2020.spreadsheet.Spreadsheet.getValue(Spreadsheet.java:64)
	at uj.java.pwj2020.spreadsheet.Spreadsheet.getValue(Spreadsheet.java:64)
	at uj.java.pwj2020.spreadsheet.Spreadsheet.getValue(Spreadsheet.java:64)
	at uj.java.pwj2020.spreadsheet.Spreadsheet.getValue(Spreadsheet.java:64)
	at uj.java.pwj2020.spreadsheet.Spreadsheet.getValue(Spreadsheet.java:64)
	at uj.java.pwj2020.spreadsheet.Spreadsheet.getValue(Spreadsheet.java:64)
	at uj.java.pwj2020.spreadsheet.Spreadsheet.getValue(Spreadsheet.java:64)
	at uj.java.pwj2020.spreadsheet.Spreadsheet.getValue(Spreadsheet.java:64)
	at uj.java.pwj2020.spreadsheet.Spreadsheet.getValue(Spreadsheet.java:64)
	at uj.java.pwj2020.spreadsheet.Spreadsheet.getValue(Spreadsheet.java:64)
	at uj.java.pwj2020.spreadsheet.Spreadsheet.getValue(Spreadsheet.java:64)
	at uj.java.pwj2020.spreadsheet.Spreadsheet.getValue(Spreadsheet.java:64)
	at uj.java.pwj2020.spreadsheet.Spreadsheet.getValue(Spreadsheet.java:64)
	at uj.java.pwj2020.spreadsheet.Spreadsheet.getValue(Spreadsheet.java:64)
	at uj.java.pwj2020.spreadsheet.Spreadsheet.getValue(Spreadsheet.java:64)
	at uj.java.pwj2020.spreadsheet.Spreadsheet.getValue(Spreadsheet.java:64)
	at uj.java.pwj2020.spreadsheet.Spreadsheet.getValue(Spreadsheet.java:64)
	at uj.java.pwj2020.spreadsheet.Spreadsheet.getValue(Spreadsheet.java:64)
	at uj.java.pwj2020.spreadsheet.Spreadsheet.getValue(Spreadsheet.java:64)
	at uj.java.pwj2020.spreadsheet.Spreadsheet.getValue(Spreadsheet.java:64)
	at uj.java.pwj2020.spreadsheet.Spreadsheet.getValue(Spreadsheet.java:64)
	at uj.java.pwj2020.spreadsheet.Spreadsheet.getValue(Spreadsheet.java:64)
	at uj.java.pwj2020.spreadsheet.Spreadsheet.getValue(Spreadsheet.java:64)
	at uj.java.pwj2020.spreadsheet.Spreadsheet.getValue(Spreadsheet.java:64)
	at uj.java.pwj2020.spreadsheet.Spreadsheet.getValue(Spreadsheet.java:64)
	at uj.java.pwj2020.spreadsheet.Spreadsheet.getValue(Spreadsheet.java:64)
	at uj.java.pwj2020.spreadsheet.Spreadsheet.getValue(Spreadsheet.java:64)
	at uj.java.pwj2020.spreadsheet.Spreadsheet.getValue(Spreadsheet.java:64)
	at uj.java.pwj2020.spreadsheet.Spreadsheet.getValue(Spreadsheet.java:64)
	at uj.java.pwj2020.spreadsheet.Spreadsheet.getValue(Spreadsheet.java:64)
	at uj.java.pwj2020.spreadsheet.Spreadsheet.getValue(Spreadsheet.java:64)
	at uj.java.pwj2020.spreadsheet.Spreadsheet.getValue(Spreadsheet.java:64)
	at uj.java.pwj2020.spreadsheet.Spreadsheet.getValue(Spreadsheet.java:64)
	at uj.java.pwj2020.spreadsheet.Spreadsheet.getValue(Spreadsheet.java:64)
	at uj.java.pwj2020.spreadsheet.Spreadsheet.getValue(Spreadsheet.java:64)
	at uj.java.pwj2020.spreadsheet.Spreadsheet.getValue(Spreadsheet.java:64)
	at uj.java.pwj2020.spreadsheet.Spreadsheet.getValue(Spreadsheet.java:64)
	at uj.java.pwj2020.spreadsheet.Spreadsheet.getValue(Spreadsheet.java:64)
	at uj.java.pwj2020.spreadsheet.Spreadsheet.getValue(Spreadsheet.java:64)
	at uj.java.pwj2020.spreadsheet.Spreadsheet.getValue(Spreadsheet.java:64)
	at uj.java.pwj2020.spreadsheet.Spreadsheet.getValue(Spreadsheet.java:64)
	at uj.java.pwj2020.spreadsheet.Spreadsheet.getValue(Spreadsheet.java:64)
	at uj.java.pwj2020.spreadsheet.Spreadsheet.getValue(Spreadsheet.java:64)
	at uj.java.pwj2020.spreadsheet.Spreadsheet.getValue(Spreadsheet.java:64)
	at uj.java.pwj2020.spreadsheet.Spreadsheet.getValue(Spreadsheet.java:64)
	at uj.java.pwj2020.spreadsheet.Spreadsheet.getValue(Spreadsheet.java:64)
	at uj.java.pwj2020.spreadsheet.Spreadsheet.getValue(Spreadsheet.java:64)
	at uj.java.pwj2020.spreadsheet.Spreadsheet.getValue(Spreadsheet.java:64)
	at uj.java.pwj2020.spreadsheet.Spreadsheet.getValue(Spreadsheet.java:64)
	at uj.java.pwj2020.spreadsheet.Spreadsheet.getValue(Spreadsheet.java:64)
	at uj.java.pwj2020.spreadsheet.Spreadsheet.getValue(Spreadsheet.java:64)
	at uj.java.pwj2020.spreadsheet.Spreadsheet.getValue(Spreadsheet.java:64)
	at uj.java.pwj2020.spreadsheet.Spreadsheet.getValue(Spreadsheet.java:64)
	at uj.java.pwj2020.spreadsheet.Spreadsheet.getValue(Spreadsheet.java:64)
	at uj.java.pwj2020.spreadsheet.Spreadsheet.getValue(Spreadsheet.java:64)
	at uj.java.pwj2020.spreadsheet.Spreadsheet.getValue(Spreadsheet.java:64)
	at uj.java.pwj2020.spreadsheet.Spreadsheet.getValue(Spreadsheet.java:64)
	at uj.java.pwj2020.spreadsheet.Spreadsheet.getValue(Spreadsheet.java:64)
	at uj.java.pwj2020.spreadsheet.Spreadsheet.getValue(Spreadsheet.java:64)
	at uj.java.pwj2020.spreadsheet.Spreadsheet.getValue(Spreadsheet.java:64)
	at uj.java.pwj2020.spreadsheet.Spreadsheet.getValue(Spreadsheet.java:64)
	at uj.java.pwj2020.spreadsheet.Spreadsheet.getValue(Spreadsheet.java:64)
	at uj.java.pwj2020.spreadsheet.Spreadsheet.getValue(Spreadsheet.java:64)
	at uj.java.pwj2020.spreadsheet.Spreadsheet.getValue(Spreadsheet.java:64)
	at uj.java.pwj2020.spreadsheet.Spreadsheet.getValue(Spreadsheet.java:64)
	at uj.java.pwj2020.spreadsheet.Spreadsheet.getValue(Spreadsheet.java:64)
	at uj.java.pwj2020.spreadsheet.Spreadsheet.getValue(Spreadsheet.java:64)
	at uj.java.pwj2020.spreadsheet.Spreadsheet.getValue(Spreadsheet.java:64)
	at uj.java.pwj2020.spreadsheet.Spreadsheet.getValue(Spreadsheet.java:64)
	at uj.java.pwj2020.spreadsheet.Spreadsheet.getValue(Spreadsheet.java:64)
	at uj.java.pwj2020.spreadsheet.Spreadsheet.getValue(Spreadsheet.java:64)
	at uj.java.pwj2020.spreadsheet.Spreadsheet.getValue(Spreadsheet.java:64)
	at uj.java.pwj2020.spreadsheet.Spreadsheet.getValue(Spreadsheet.java:64)
	at uj.java.pwj2020.spreadsheet.Spreadsheet.getValue(Spreadsheet.java:64)
	at uj.java.pwj2020.spreadsheet.Spreadsheet.getValue(Spreadsheet.java:64)
	at uj.java.pwj2020.spreadsheet.Spreadsheet.getValue(Spreadsheet.java:64)
	at uj.java.pwj2020.spreadsheet.Spreadsheet.getValue(Spreadsheet.java:64)
	at uj.java.pwj2020.spreadsheet.Spreadsheet.getValue(Spreadsheet.java:64)
	at uj.java.pwj2020.spreadsheet.Spreadsheet.getValue(Spreadsheet.java:64)
	at uj.java.pwj2020.spreadsheet.Spreadsheet.getValue(Spreadsheet.java:64)
	at uj.java.pwj2020.spreadsheet.Spreadsheet.getValue(Spreadsheet.java:64)
	at uj.java.pwj2020.spreadsheet.Spreadsheet.getValue(Spreadsheet.java:64)
	at uj.java.pwj2020.spreadsheet.Spreadsheet.getValue(Spreadsheet.java:64)
	at uj.java.pwj2020.spreadsheet.Spreadsheet.getValue(Spreadsheet.java:64)
	at uj.java.pwj2020.spreadsheet.Spreadsheet.getValue(Spreadsheet.java:64)
	at uj.java.pwj2020.spreadsheet.Spreadsheet.getValue(Spreadsheet.java:64)
	at uj.java.pwj2020.spreadsheet.Spreadsheet.getValue(Spreadsheet.java:64)
	at uj.java.pwj2020.spreadsheet.Spreadsheet.getValue(Spreadsheet.java:64)
	at uj.java.pwj2020.spreadsheet.Spreadsheet.getValue(Spreadsheet.java:64)
	at uj.java.pwj2020.spreadsheet.Spreadsheet.getValue(Spreadsheet.java:64)
	at uj.java.pwj2020.spreadsheet.Spreadsheet.getValue(Spreadsheet.java:64)
	at uj.java.pwj2020.spreadsheet.Spreadsheet.getValue(Spreadsheet.java:64)
	at uj.java.pwj2020.spreadsheet.Spreadsheet.getValue(Spreadsheet.java:64)
	at uj.java.pwj2020.spreadsheet.Spreadsheet.getValue(Spreadsheet.java:64)
	at uj.java.pwj2020.spreadsheet.Spreadsheet.getValue(Spreadsheet.java:64)
	at uj.java.pwj2020.spreadsheet.Spreadsheet.getValue(Spreadsheet.java:64)
	at uj.java.pwj2020.spreadsheet.Spreadsheet.getValue(Spreadsheet.java:64)
	at uj.java.pwj2020.spreadsheet.Spreadsheet.getValue(Spreadsheet.java:64)
	at uj.java.pwj2020.spreadsheet.Spreadsheet.getValue(Spreadsheet.java:64)
	at uj.java.pwj2020.spreadsheet.Spreadsheet.getValue(Spreadsheet.java:64)
	at uj.java.pwj2020.spreadsheet.Spreadsheet.getValue(Spreadsheet.java:64)
	at uj.java.pwj2020.spreadsheet.Spreadsheet.getValue(Spreadsheet.java:64)
	at uj.java.pwj2020.spreadsheet.Spreadsheet.getValue(Spreadsheet.java:64)
	at uj.java.pwj2020.spreadsheet.Spreadsheet.getValue(Spreadsheet.java:64)
	at uj.java.pwj2020.spreadsheet.Spreadsheet.getValue(Spreadsheet.java:64)
	at uj.java.pwj2020.spreadsheet.Spreadsheet.getValue(Spreadsheet.java:64)
	at uj.java.pwj2020.spreadsheet.Spreadsheet.getValue(Spreadsheet.java:64)
	at uj.java.pwj2020.spreadsheet.Spreadsheet.getValue(Spreadsheet.java:64)
	at uj.java.pwj2020.spreadsheet.Spreadsheet.getValue(Spreadsheet.java:64)
	at uj.java.pwj2020.spreadsheet.Spreadsheet.getValue(Spreadsheet.java:64)
	at uj.java.pwj2020.spreadsheet.Spreadsheet.getValue(Spreadsheet.java:64)
	at uj.java.pwj2020.spreadsheet.Spreadsheet.getValue(Spreadsheet.java:64)
	at uj.java.pwj2020.spreadsheet.Spreadsheet.getValue(Spreadsheet.java:64)
	at uj.java.pwj2020.spreadsheet.Spreadsheet.getValue(Spreadsheet.java:64)
	at uj.java.pwj2020.spreadsheet.Spreadsheet.getValue(Spreadsheet.java:64)
	at uj.java.pwj2020.spreadsheet.Spreadsheet.getValue(Spreadsheet.java:64)
	at uj.java.pwj2020.spreadsheet.Spreadsheet.getValue(Spreadsheet.java:64)
	at uj.java.pwj2020.spreadsheet.Spreadsheet.getValue(Spreadsheet.java:64)
	at uj.java.pwj2020.spreadsheet.Spreadsheet.getValue(Spreadsheet.java:64)
	at uj.java.pwj2020.spreadsheet.Spreadsheet.getValue(Spreadsheet.java:64)
	at uj.java.pwj2020.spreadsheet.Spreadsheet.getValue(Spreadsheet.java:64)
	at uj.java.pwj2020.spreadsheet.Spreadsheet.getValue(Spreadsheet.java:64)
	at uj.java.pwj2020.spreadsheet.Spreadsheet.getValue(Spreadsheet.java:64)
	at uj.java.pwj2020.spreadsheet.Spreadsheet.getValue(Spreadsheet.java:64)
	at uj.java.pwj2020.spreadsheet.Spreadsheet.getValue(Spreadsheet.java:64)
	at uj.java.pwj2020.spreadsheet.Spreadsheet.getValue(Spreadsheet.java:64)
	at uj.java.pwj2020.spreadsheet.Spreadsheet.getValue(Spreadsheet.java:64)
	at uj.java.pwj2020.spreadsheet.Spreadsheet.getValue(Spreadsheet.java:64)
	at uj.java.pwj2020.spreadsheet.Spreadsheet.getValue(Spreadsheet.java:64)
	at uj.java.pwj2020.spreadsheet.Spreadsheet.getValue(Spreadsheet.java:64)
	at uj.java.pwj2020.spreadsheet.Spreadsheet.getValue(Spreadsheet.java:64)
	at uj.java.pwj2020.spreadsheet.Spreadsheet.getValue(Spreadsheet.java:64)
	at uj.java.pwj2020.spreadsheet.Spreadsheet.getValue(Spreadsheet.java:64)
	at uj.java.pwj2020.spreadsheet.Spreadsheet.getValue(Spreadsheet.java:64)
	at uj.java.pwj2020.spreadsheet.Spreadsheet.getValue(Spreadsheet.java:64)
	at uj.java.pwj2020.spreadsheet.Spreadsheet.getValue(Spreadsheet.java:64)
	at uj.java.pwj2020.spreadsheet.Spreadsheet.getValue(Spreadsheet.java:64)
	at uj.java.pwj2020.spreadsheet.Spreadsheet.getValue(Spreadsheet.java:64)
	at uj.java.pwj2020.spreadsheet.Spreadsheet.getValue(Spreadsheet.java:64)
	at uj.java.pwj2020.spreadsheet.Spreadsheet.getValue(Spreadsheet.java:64)
	at uj.java.pwj2020.spreadsheet.Spreadsheet.getValue(Spreadsheet.java:64)
	at uj.java.pwj2020.spreadsheet.Spreadsheet.getValue(Spreadsheet.java:64)
	at uj.java.pwj2020.spreadsheet.Spreadsheet.getValue(Spreadsheet.java:64)
	at uj.java.pwj2020.spreadsheet.Spreadsheet.getValue(Spreadsheet.java:64)
	at uj.java.pwj2020.spreadsheet.Spreadsheet.getValue(Spreadsheet.java:64)
	at uj.java.pwj2020.spreadsheet.Spreadsheet.getValue(Spreadsheet.java:64)
	at uj.java.pwj2020.spreadsheet.Spreadsheet.getValue(Spreadsheet.java:64)
	at uj.java.pwj2020.spreadsheet.Spreadsheet.getValue(Spreadsheet.java:64)
	at uj.java.pwj2020.spreadsheet.Spreadsheet.getValue(Spreadsheet.java:64)
	at uj.java.pwj2020.spreadsheet.Spreadsheet.getValue(Spreadsheet.java:64)
	at uj.java.pwj2020.spreadsheet.Spreadsheet.getValue(Spreadsheet.java:64)
	at uj.java.pwj2020.spreadsheet.Spreadsheet.getValue(Spreadsheet.java:64)
	at uj.java.pwj2020.spreadsheet.Spreadsheet.getValue(Spreadsheet.java:64)
	at uj.java.pwj2020.spreadsheet.Spreadsheet.getValue(Spreadsheet.java:64)
	at uj.java.pwj2020.spreadsheet.Spreadsheet.getValue(Spreadsheet.java:64)
	at uj.java.pwj2020.spreadsheet.Spreadsheet.getValue(Spreadsheet.java:64)
	at uj.java.pwj2020.spreadsheet.Spreadsheet.getValue(Spreadsheet.java:64)
	at uj.java.pwj2020.spreadsheet.Spreadsheet.getValue(Spreadsheet.java:64)
	at uj.java.pwj2020.spreadsheet.Spreadsheet.getValue(Spreadsheet.java:64)
	at uj.java.pwj2020.spreadsheet.Spreadsheet.getValue(Spreadsheet.java:64)
	at uj.java.pwj2020.spreadsheet.Spreadsheet.getValue(Spreadsheet.java:64)
	at uj.java.pwj2020.spreadsheet.Spreadsheet.getValue(Spreadsheet.java:64)
	at uj.java.pwj2020.spreadsheet.Spreadsheet.getValue(Spreadsheet.java:64)
	at uj.java.pwj2020.spreadsheet.Spreadsheet.getValue(Spreadsheet.java:64)
	at uj.java.pwj2020.spreadsheet.Spreadsheet.getValue(Spreadsheet.java:64)
	at uj.java.pwj2020.spreadsheet.Spreadsheet.getValue(Spreadsheet.java:64)
	at uj.java.pwj2020.spreadsheet.Spreadsheet.getValue(Spreadsheet.java:64)
	at uj.java.pwj2020.spreadsheet.Spreadsheet.getValue(Spreadsheet.java:64)
	at uj.java.pwj2020.spreadsheet.Spreadsheet.getValue(Spreadsheet.java:64)
	at uj.java.pwj2020.spreadsheet.Spreadsheet.getValue(Spreadsheet.java:64)
	at uj.java.pwj2020.spreadsheet.Spreadsheet.getValue(Spreadsheet.java:64)
	at uj.java.pwj2020.spreadsheet.Spreadsheet.getValue(Spreadsheet.java:64)
	at uj.java.pwj2020.spreadsheet.Spreadsheet.getValue(Spreadsheet.java:64)
	at uj.java.pwj2020.spreadsheet.Spreadsheet.getValue(Spreadsheet.java:64)
	at uj.java.pwj2020.spreadsheet.Spreadsheet.getValue(Spreadsheet.java:64)
	at uj.java.pwj2020.spreadsheet.Spreadsheet.getValue(Spreadsheet.java:64)
	at uj.java.pwj2020.spreadsheet.Spreadsheet.getValue(Spreadsheet.java:64)
	at uj.java.pwj2020.spreadsheet.Spreadsheet.getValue(Spreadsheet.java:64)
	at uj.java.pwj2020.spreadsheet.Spreadsheet.getValue(Spreadsheet.java:64)
	at uj.java.pwj2020.spreadsheet.Spreadsheet.getValue(Spreadsheet.java:64)
	at uj.java.pwj2020.spreadsheet.Spreadsheet.getValue(Spreadsheet.java:64)
	at uj.java.pwj2020.spreadsheet.Spreadsheet.getValue(Spreadsheet.java:64)
	at uj.java.pwj2020.spreadsheet.Spreadsheet.getValue(Spreadsheet.java:64)
	at uj.java.pwj2020.spreadsheet.Spreadsheet.getValue(Spreadsheet.java:64)
	at uj.java.pwj2020.spreadsheet.Spreadsheet.getValue(Spreadsheet.java:64)
	at uj.java.pwj2020.spreadsheet.Spreadsheet.getValue(Spreadsheet.java:64)
	at uj.java.pwj2020.spreadsheet.Spreadsheet.getValue(Spreadsheet.java:64)
	at uj.java.pwj2020.spreadsheet.Spreadsheet.getValue(Spreadsheet.java:64)
	at uj.java.pwj2020.spreadsheet.Spreadsheet.getValue(Spreadsheet.java:64)
	at uj.java.pwj2020.spreadsheet.Spreadsheet.getValue(Spreadsheet.java:64)
	at uj.java.pwj2020.spreadsheet.Spreadsheet.getValue(Spreadsheet.java:64)
	at uj.java.pwj2020.spreadsheet.Spreadsheet.getValue(Spreadsheet.java:64)
	at uj.java.pwj2020.spreadsheet.Spreadsheet.getValue(Spreadsheet.java:64)
	at uj.java.pwj2020.spreadsheet.Spreadsheet.getValue(Spreadsheet.java:64)
	at uj.java.pwj2020.spreadsheet.Spreadsheet.getValue(Spreadsheet.java:64)
	at uj.java.pwj2020.spreadsheet.Spreadsheet.getValue(Spreadsheet.java:64)
	at uj.java.pwj2020.spreadsheet.Spreadsheet.getValue(Spreadsheet.java:64)
	at uj.java.pwj2020.spreadsheet.Spreadsheet.getValue(Spreadsheet.java:64)
	at uj.java.pwj2020.spreadsheet.Spreadsheet.getValue(Spreadsheet.java:64)
	at uj.java.pwj2020.spreadsheet.Spreadsheet.getValue(Spreadsheet.java:64)
	at uj.java.pwj2020.spreadsheet.Spreadsheet.getValue(Spreadsheet.java:64)
	at uj.java.pwj2020.spreadsheet.Spreadsheet.getValue(Spreadsheet.java:64)
	at uj.java.pwj2020.spreadsheet.Spreadsheet.getValue(Spreadsheet.java:64)
	at uj.java.pwj2020.spreadsheet.Spreadsheet.getValue(Spreadsheet.java:64)
	at uj.java.pwj2020.spreadsheet.Spreadsheet.getValue(Spreadsheet.java:64)
	at uj.java.pwj2020.spreadsheet.Spreadsheet.getValue(Spreadsheet.java:64)
	at uj.java.pwj2020.spreadsheet.Spreadsheet.getValue(Spreadsheet.java:64)
	at uj.java.pwj2020.spreadsheet.Spreadsheet.getValue(Spreadsheet.java:64)
	at uj.java.pwj2020.spreadsheet.Spreadsheet.getValue(Spreadsheet.java:64)
	at uj.java.pwj2020.spreadsheet.Spreadsheet.getValue(Spreadsheet.java:64)
	at uj.java.pwj2020.spreadsheet.Spreadsheet.getValue(Spreadsheet.java:64)
	at uj.java.pwj2020.spreadsheet.Spreadsheet.getValue(Spreadsheet.java:64)
	at uj.java.pwj2020.spreadsheet.Spreadsheet.getValue(Spreadsheet.java:64)
	at uj.java.pwj2020.spreadsheet.Spreadsheet.getValue(Spreadsheet.java:64)
	at uj.java.pwj2020.spreadsheet.Spreadsheet.getValue(Spreadsheet.java:64)
	at uj.java.pwj2020.spreadsheet.Spreadsheet.getValue(Spreadsheet.java:64)
	at uj.java.pwj2020.spreadsheet.Spreadsheet.getValue(Spreadsheet.java:64)
	at uj.java.pwj2020.spreadsheet.Spreadsheet.getValue(Spreadsheet.java:64)
	at uj.java.pwj2020.spreadsheet.Spreadsheet.getValue(Spreadsheet.java:64)
	at uj.java.pwj2020.spreadsheet.Spreadsheet.getValue(Spreadsheet.java:64)
	at uj.java.pwj2020.spreadsheet.Spreadsheet.getValue(Spreadsheet.java:64)
	at uj.java.pwj2020.spreadsheet.Spreadsheet.getValue(Spreadsheet.java:64)
	at uj.java.pwj2020.spreadsheet.Spreadsheet.getValue(Spreadsheet.java:64)
	at uj.java.pwj2020.spreadsheet.Spreadsheet.getValue(Spreadsheet.java:64)
	at uj.java.pwj2020.spreadsheet.Spreadsheet.getValue(Spreadsheet.java:64)
	at uj.java.pwj2020.spreadsheet.Spreadsheet.getValue(Spreadsheet.java:64)
	at uj.java.pwj2020.spreadsheet.Spreadsheet.getValue(Spreadsheet.java:64)
	at uj.java.pwj2020.spreadsheet.Spreadsheet.getValue(Spreadsheet.java:64)
	at uj.java.pwj2020.spreadsheet.Spreadsheet.getValue(Spreadsheet.java:64)
	at uj.java.pwj2020.spreadsheet.Spreadsheet.getValue(Spreadsheet.java:64)
	at uj.java.pwj2020.spreadsheet.Spreadsheet.getValue(Spreadsheet.java:64)
	at uj.java.pwj2020.spreadsheet.Spreadsheet.getValue(Spreadsheet.java:64)
	at uj.java.pwj2020.spreadsheet.Spreadsheet.getValue(Spreadsheet.java:64)
	at uj.java.pwj2020.spreadsheet.Spreadsheet.getValue(Spreadsheet.java:64)
	at uj.java.pwj2020.spreadsheet.Spreadsheet.getValue(Spreadsheet.java:64)
	at uj.java.pwj2020.spreadsheet.Spreadsheet.getValue(Spreadsheet.java:64)
	at uj.java.pwj2020.spreadsheet.Spreadsheet.getValue(Spreadsheet.java:64)
	at uj.java.pwj2020.spreadsheet.Spreadsheet.getValue(Spreadsheet.java:64)
	at uj.java.pwj2020.spreadsheet.Spreadsheet.getValue(Spreadsheet.java:64)
	at uj.java.pwj2020.spreadsheet.Spreadsheet.getValue(Spreadsheet.java:64)
	at uj.java.pwj2020.spreadsheet.Spreadsheet.getValue(Spreadsheet.java:64)
	at uj.java.pwj2020.spreadsheet.Spreadsheet.getValue(Spreadsheet.java:64)
	at uj.java.pwj2020.spreadsheet.Spreadsheet.getValue(Spreadsheet.java:64)
	at uj.java.pwj2020.spreadsheet.Spreadsheet.getValue(Spreadsheet.java:64)
	at uj.java.pwj2020.spreadsheet.Spreadsheet.getValue(Spreadsheet.java:64)
	at uj.java.pwj2020.spreadsheet.Spreadsheet.getValue(Spreadsheet.java:64)
	at uj.java.pwj2020.spreadsheet.Spreadsheet.getValue(Spreadsheet.java:64)
	at uj.java.pwj2020.spreadsheet.Spreadsheet.getValue(Spreadsheet.java:64)
	at uj.java.pwj2020.spreadsheet.Spreadsheet.getValue(Spreadsheet.java:64)
	at uj.java.pwj2020.spreadsheet.Spreadsheet.getValue(Spreadsheet.java:64)
	at uj.java.pwj2020.spreadsheet.Spreadsheet.getValue(Spreadsheet.java:64)
	at uj.java.pwj2020.spreadsheet.Spreadsheet.getValue(Spreadsheet.java:64)
	at uj.java.pwj2020.spreadsheet.Spreadsheet.getValue(Spreadsheet.java:64)
	at uj.java.pwj2020.spreadsheet.Spreadsheet.getValue(Spreadsheet.java:64)
	at uj.java.pwj2020.spreadsheet.Spreadsheet.getValue(Spreadsheet.java:64)
	at uj.java.pwj2020.spreadsheet.Spreadsheet.getValue(Spreadsheet.java:64)
	at uj.java.pwj2020.spreadsheet.Spreadsheet.getValue(Spreadsheet.java:64)
	at uj.java.pwj2020.spreadsheet.Spreadsheet.getValue(Spreadsheet.java:64)
	at uj.java.pwj2020.spreadsheet.Spreadsheet.getValue(Spreadsheet.java:64)
	at uj.java.pwj2020.spreadsheet.Spreadsheet.getValue(Spreadsheet.java:64)
	at uj.java.pwj2020.spreadsheet.Spreadsheet.getValue(Spreadsheet.java:64)
	at uj.java.pwj2020.spreadsheet.Spreadsheet.getValue(Spreadsheet.java:64)
	at uj.java.pwj2020.spreadsheet.Spreadsheet.getValue(Spreadsheet.java:64)
	at uj.java.pwj2020.spreadsheet.Spreadsheet.getValue(Spreadsheet.java:64)
	at uj.java.pwj2020.spreadsheet.Spreadsheet.getValue(Spreadsheet.java:64)
	at uj.java.pwj2020.spreadsheet.Spreadsheet.getValue(Spreadsheet.java:64)
	at uj.java.pwj2020.spreadsheet.Spreadsheet.getValue(Spreadsheet.java:64)
	at uj.java.pwj2020.spreadsheet.Spreadsheet.getValue(Spreadsheet.java:64)
	at uj.java.pwj2020.spreadsheet.Spreadsheet.getValue(Spreadsheet.java:64)
	at uj.java.pwj2020.spreadsheet.Spreadsheet.getValue(Spreadsheet.java:64)
	at uj.java.pwj2020.spreadsheet.Spreadsheet.getValue(Spreadsheet.java:64)
	at uj.java.pwj2020.spreadsheet.Spreadsheet.getValue(Spreadsheet.java:64)
	at uj.java.pwj2020.spreadsheet.Spreadsheet.getValue(Spreadsheet.java:64)
	at uj.java.pwj2020.spreadsheet.Spreadsheet.getValue(Spreadsheet.java:64)
	at uj.java.pwj2020.spreadsheet.Spreadsheet.getValue(Spreadsheet.java:64)
	at uj.java.pwj2020.spreadsheet.Spreadsheet.getValue(Spreadsheet.java:64)
	at uj.java.pwj2020.spreadsheet.Spreadsheet.getValue(Spreadsheet.java:64)
	at uj.java.pwj2020.spreadsheet.Spreadsheet.getValue(Spreadsheet.java:64)
	at uj.java.pwj2020.spreadsheet.Spreadsheet.getValue(Spreadsheet.java:64)
	at uj.java.pwj2020.spreadsheet.Spreadsheet.getValue(Spreadsheet.java:64)
	at uj.java.pwj2020.spreadsheet.Spreadsheet.getValue(Spreadsheet.java:64)
	at uj.java.pwj2020.spreadsheet.Spreadsheet.getValue(Spreadsheet.java:64)
	at uj.java.pwj2020.spreadsheet.Spreadsheet.getValue(Spreadsheet.java:64)
	at uj.java.pwj2020.spreadsheet.Spreadsheet.getValue(Spreadsheet.java:64)
	at uj.java.pwj2020.spreadsheet.Spreadsheet.getValue(Spreadsheet.java:64)
	at uj.java.pwj2020.spreadsheet.Spreadsheet.getValue(Spreadsheet.java:64)
	at uj.java.pwj2020.spreadsheet.Spreadsheet.getValue(Spreadsheet.java:64)
	at uj.java.pwj2020.spreadsheet.Spreadsheet.getValue(Spreadsheet.java:64)
	at uj.java.pwj2020.spreadsheet.Spreadsheet.getValue(Spreadsheet.java:64)
	at uj.java.pwj2020.spreadsheet.Spreadsheet.getValue(Spreadsheet.java:64)
</failure>
  </testcase>
  <testcase name="[2] [[0, 1, 2], [3, 4, 5]], [[0, 1, 2], [3, 4, 5]]" classname="uj.java.pwj2020.spreadsheet.SpreadsheetTest" time="0.001">
    <failure message="java.lang.ArrayIndexOutOfBoundsException: Index 2 out of bounds for length 2" type="java.lang.ArrayIndexOutOfBoundsException">java.lang.ArrayIndexOutOfBoundsException: Index 2 out of bounds for length 2
	at uj.java.pwj2020.spreadsheet.Spreadsheet.calculate(Spreadsheet.java:43)
	at uj.java.pwj2020.spreadsheet.SpreadsheetTest.checkSpreadsheet(SpreadsheetTest.java:23)
	at java.base/jdk.internal.reflect.NativeMethodAccessorImpl.invoke0(Native Method)
	at java.base/jdk.internal.reflect.NativeMethodAccessorImpl.invoke(NativeMethodAccessorImpl.java:64)
	at java.base/jdk.internal.reflect.DelegatingMethodAccessorImpl.invoke(DelegatingMethodAccessorImpl.java:43)
	at java.base/java.lang.reflect.Method.invoke(Method.java:564)
	at org.junit.platform.commons.util.ReflectionUtils.invokeMethod(ReflectionUtils.java:688)
	at org.junit.jupiter.engine.execution.MethodInvocation.proceed(MethodInvocation.java:60)
	at org.junit.jupiter.engine.execution.InvocationInterceptorChain$ValidatingInvocation.proceed(InvocationInterceptorChain.java:131)
	at org.junit.jupiter.engine.extension.TimeoutExtension.intercept(TimeoutExtension.java:149)
	at org.junit.jupiter.engine.extension.TimeoutExtension.interceptTestableMethod(TimeoutExtension.java:140)
	at org.junit.jupiter.engine.extension.TimeoutExtension.interceptTestTemplateMethod(TimeoutExtension.java:92)
	at org.junit.jupiter.engine.execution.ExecutableInvoker$ReflectiveInterceptorCall.lambda$ofVoidMethod$0(ExecutableInvoker.java:115)
	at org.junit.jupiter.engine.execution.ExecutableInvoker.lambda$invoke$0(ExecutableInvoker.java:105)
	at org.junit.jupiter.engine.execution.InvocationInterceptorChain$InterceptedInvocation.proceed(InvocationInterceptorChain.java:106)
	at org.junit.jupiter.engine.execution.InvocationInterceptorChain.proceed(InvocationInterceptorChain.java:64)
	at org.junit.jupiter.engine.execution.InvocationInterceptorChain.chainAndInvoke(InvocationInterceptorChain.java:45)
	at org.junit.jupiter.engine.execution.InvocationInterceptorChain.invoke(InvocationInterceptorChain.java:37)
	at org.junit.jupiter.engine.execution.ExecutableInvoker.invoke(ExecutableInvoker.java:104)
	at org.junit.jupiter.engine.execution.ExecutableInvoker.invoke(ExecutableInvoker.java:98)
	at org.junit.jupiter.engine.descriptor.TestMethodTestDescriptor.lambda$invokeTestMethod$6(TestMethodTestDescriptor.java:210)
	at org.junit.platform.engine.support.hierarchical.ThrowableCollector.execute(ThrowableCollector.java:73)
	at org.junit.jupiter.engine.descriptor.TestMethodTestDescriptor.invokeTestMethod(TestMethodTestDescriptor.java:206)
	at org.junit.jupiter.engine.descriptor.TestMethodTestDescriptor.execute(TestMethodTestDescriptor.java:131)
	at org.junit.jupiter.engine.descriptor.TestMethodTestDescriptor.execute(TestMethodTestDescriptor.java:65)
	at org.junit.platform.engine.support.hierarchical.NodeTestTask.lambda$executeRecursively$5(NodeTestTask.java:139)
	at org.junit.platform.engine.support.hierarchical.ThrowableCollector.execute(ThrowableCollector.java:73)
	at org.junit.platform.engine.support.hierarchical.NodeTestTask.lambda$executeRecursively$7(NodeTestTask.java:129)
	at org.junit.platform.engine.support.hierarchical.Node.around(Node.java:137)
	at org.junit.platform.engine.support.hierarchical.NodeTestTask.lambda$executeRecursively$8(NodeTestTask.java:127)
	at org.junit.platform.engine.support.hierarchical.ThrowableCollector.execute(ThrowableCollector.java:73)
[...]
	at org.junit.platform.engine.support.hierarchical.NodeTestTask.lambda$executeRecursively$8(NodeTestTask.java:127)
	at org.junit.platform.engine.support.hierarchical.ThrowableCollector.execute(ThrowableCollector.java:73)
	at org.junit.platform.engine.support.hierarchical.NodeTestTask.executeRecursively(NodeTestTask.java:126)
	at org.junit.platform.engine.support.hierarchical.NodeTestTask.execute(NodeTestTask.java:84)
	at org.junit.platform.engine.support.hierarchical.SameThreadHierarchicalTestExecutorService.submit(SameThreadHierarchicalTestExecutorService.java:32)
	at org.junit.platform.engine.support.hierarchical.HierarchicalTestExecutor.execute(HierarchicalTestExecutor.java:57)
	at org.junit.platform.engine.support.hierarchical.HierarchicalTestEngine.execute(HierarchicalTestEngine.java:51)
	at org.junit.platform.launcher.core.DefaultLauncher.execute(DefaultLauncher.java:248)
	at org.junit.platform.launcher.core.DefaultLauncher.lambda$execute$5(DefaultLauncher.java:211)
	at org.junit.platform.launcher.core.DefaultLauncher.withInterceptedStreams(DefaultLauncher.java:226)
	at org.junit.platform.launcher.core.DefaultLauncher.execute(DefaultLauncher.java:199)
	at org.junit.platform.launcher.core.DefaultLauncher.execute(DefaultLauncher.java:132)
	at org.gradle.api.internal.tasks.testing.junitplatform.JUnitPlatformTestClassProcessor$CollectAllTestClassesExecutor.processAllTestClasses(JUnitPlatformTestClassProcessor.java:99)
	at org.gradle.api.internal.tasks.testing.junitplatform.JUnitPlatformTestClassProcessor$CollectAllTestClassesExecutor.access$000(JUnitPlatformTestClassProcessor.java:79)
	at org.gradle.api.internal.tasks.testing.junitplatform.JUnitPlatformTestClassProcessor.stop(JUnitPlatformTestClassProcessor.java:75)
	at org.gradle.api.internal.tasks.testing.SuiteTestClassProcessor.stop(SuiteTestClassProcessor.java:61)
	at java.base/jdk.internal.reflect.NativeMethodAccessorImpl.invoke0(Native Method)
	at java.base/jdk.internal.reflect.NativeMethodAccessorImpl.invoke(NativeMethodAccessorImpl.java:64)
	at java.base/jdk.internal.reflect.DelegatingMethodAccessorImpl.invoke(DelegatingMethodAccessorImpl.java:43)
	at java.base/java.lang.reflect.Method.invoke(Method.java:564)
	at org.gradle.internal.dispatch.ReflectionDispatch.dispatch(ReflectionDispatch.java:36)
	at org.gradle.internal.dispatch.ReflectionDispatch.dispatch(ReflectionDispatch.java:24)
	at org.gradle.internal.dispatch.ContextClassLoaderDispatch.dispatch(ContextClassLoaderDispatch.java:33)
	at org.gradle.internal.dispatch.ProxyDispatchAdapter$DispatchingInvocationHandler.invoke(ProxyDispatchAdapter.java:94)
	at com.sun.proxy.$Proxy2.stop(Unknown Source)
	at org.gradle.api.internal.tasks.testing.worker.TestWorker.stop(TestWorker.java:133)
	at java.base/jdk.internal.reflect.NativeMethodAccessorImpl.invoke0(Native Method)
	at java.base/jdk.internal.reflect.NativeMethodAccessorImpl.invoke(NativeMethodAccessorImpl.java:64)
	at java.base/jdk.internal.reflect.DelegatingMethodAccessorImpl.invoke(DelegatingMethodAccessorImpl.java:43)
	at java.base/java.lang.reflect.Method.invoke(Method.java:564)
	at org.gradle.internal.dispatch.ReflectionDispatch.dispatch(ReflectionDispatch.java:36)
	at org.gradle.internal.dispatch.ReflectionDispatch.dispatch(ReflectionDispatch.java:24)
	at org.gradle.internal.remote.internal.hub.MessageHubBackedObjectConnection$DispatchWrapper.dispatch(MessageHubBackedObjectConnection.java:182)
	at org.gradle.internal.remote.internal.hub.MessageHubBackedObjectConnection$DispatchWrapper.dispatch(MessageHubBackedObjectConnection.java:164)
	at org.gradle.internal.remote.internal.hub.MessageHub$Handler.run(MessageHub.java:414)
	at org.gradle.internal.concurrent.ExecutorPolicy$CatchAndRecordFailures.onExecute(ExecutorPolicy.java:64)
	at org.gradle.internal.concurrent.ManagedExecutorImpl$1.run(ManagedExecutorImpl.java:48)
	at java.base/java.util.concurrent.ThreadPoolExecutor.runWorker(ThreadPoolExecutor.java:1130)
	at java.base/java.util.concurrent.ThreadPoolExecutor$Worker.run(ThreadPoolExecutor.java:630)
	at org.gradle.internal.concurrent.ThreadFactoryImpl$ManagedThreadRunnable.run(ThreadFactoryImpl.java:56)
	at java.base/java.lang.Thread.run(Thread.java:832)
</failure>
  </testcase>
  <testcase name="[5] [[5, 3, =ADD($A1,$B1)], [5, 3, =SUB($A2,$B2)], [5, 3, =MUL($A3,$B3)], [5, 3, =DIV($A4,$B4)], [5, 3, =MOD($A5,$B5)], [10, 2, =MOD($A6,$B6)]], [[5, 3, 8], [5, 3, 2], [5, 3, 15], [5, 3, 1], [5, 3, 2], [10, 2, 0]]" classname="uj.java.pwj2020.spreadsheet.SpreadsheetTest" time="0.002">
    <failure message="java.lang.StringIndexOutOfBoundsException: begin 0, end -1, length 3" type="java.lang.StringIndexOutOfBoundsException">java.lang.StringIndexOutOfBoundsException: begin 0, end -1, length 3
	at java.base/java.lang.String.checkBoundsBeginEnd(String.java:3734)
	at java.base/java.lang.String.substring(String.java:1903)
	at uj.java.pwj2020.spreadsheet.Spreadsheet.getFirstValueFromFormula(Spreadsheet.java:143)
	at uj.java.pwj2020.spreadsheet.Spreadsheet.getValue(Spreadsheet.java:68)
	at uj.java.pwj2020.spreadsheet.Spreadsheet.process(Spreadsheet.java:54)
	at uj.java.pwj2020.spreadsheet.Spreadsheet.calculate(Spreadsheet.java:46)
	at uj.java.pwj2020.spreadsheet.SpreadsheetTest.checkSpreadsheet(SpreadsheetTest.java:23)
	at java.base/jdk.internal.reflect.NativeMethodAccessorImpl.invoke0(Native Method)
	at java.base/jdk.internal.reflect.NativeMethodAccessorImpl.invoke(NativeMethodAccessorImpl.java:64)
	at java.base/jdk.internal.reflect.DelegatingMethodAccessorImpl.invoke(DelegatingMethodAccessorImpl.java:43)
	at java.base/java.lang.reflect.Method.invoke(Method.java:564)
	at org.junit.platform.commons.util.ReflectionUtils.invokeMethod(ReflectionUtils.java:688)
	at org.junit.jupiter.engine.execution.MethodInvocation.proceed(MethodInvocation.java:60)
	at org.junit.jupiter.engine.execution.InvocationInterceptorChain$ValidatingInvocation.proceed(InvocationInterceptorChain.java:131)
	at org.junit.jupiter.engine.extension.TimeoutExtension.intercept(TimeoutExtension.java:149)
	at org.junit.jupiter.engine.extension.TimeoutExtension.interceptTestableMethod(TimeoutExtension.java:140)
	at org.junit.jupiter.engine.extension.TimeoutExtension.interceptTestTemplateMethod(TimeoutExtension.java:92)
	at org.junit.jupiter.engine.execution.ExecutableInvoker$ReflectiveInterceptorCall.lambda$ofVoidMethod$0(ExecutableInvoker.java:115)
	at org.junit.jupiter.engine.execution.ExecutableInvoker.lambda$invoke$0(ExecutableInvoker.java:105)
	at org.junit.jupiter.engine.execution.InvocationInterceptorChain$InterceptedInvocation.proceed(InvocationInterceptorChain.java:106)
	at org.junit.jupiter.engine.execution.InvocationInterceptorChain.proceed(InvocationInterceptorChain.java:64)
	at org.junit.jupiter.engine.execution.InvocationInterceptorChain.chainAndInvoke(InvocationInterceptorChain.java:45)
	at org.junit.jupiter.engine.execution.InvocationInterceptorChain.invoke(InvocationInterceptorChain.java:37)
	at org.junit.jupiter.engine.execution.ExecutableInvoker.invoke(ExecutableInvoker.java:104)
	at org.junit.jupiter.engine.execution.ExecutableInvoker.invoke(ExecutableInvoker.java:98)
	at org.junit.jupiter.engine.descriptor.TestMethodTestDescriptor.lambda$invokeTestMethod$6(TestMethodTestDescriptor.java:210)
	at org.junit.platform.engine.support.hierarchical.ThrowableCollector.execute(ThrowableCollector.java:73)
	at org.junit.jupiter.engine.descriptor.TestMethodTestDescriptor.invokeTestMethod(TestMethodTestDescriptor.java:206)
	at org.junit.jupiter.engine.descriptor.TestMethodTestDescriptor.execute(TestMethodTestDescriptor.java:131)
	at org.junit.jupiter.engine.descriptor.TestMethodTestDescriptor.execute(TestMethodTestDescriptor.java:65)
	at org.junit.platform.engine.support.hierarchical.NodeTestTask.lambda$executeRecursively$5(NodeTestTask.java:139)
	at org.junit.platform.engine.support.hierarchical.ThrowableCollector.execute(ThrowableCollector.java:73)
	at org.junit.platform.engine.support.hierarchical.NodeTestTask.lambda$executeRecursively$7(NodeTestTask.java:129)
	at org.junit.platform.engine.support.hierarchical.Node.around(Node.java:137)
	at org.junit.platform.engine.support.hierarchical.NodeTestTask.lambda$executeRecursively$8(NodeTestTask.java:127)
	at org.junit.platform.engine.support.hierarchical.ThrowableCollector.execute(ThrowableCollector.java:73)
	at org.junit.platform.engine.support.hierarchical.NodeTestTask.executeRecursively(NodeTestTask.java:126)
	at org.junit.platform.engine.support.hierarchical.NodeTestTask.execute(NodeTestTask.java:84)
	at org.junit.platform.engine.support.hierarchical.SameThreadHierarchicalTestExecutorService.submit(SameThreadHierarchicalTestExecutorService.java:32)
	at org.junit.platform.engine.support.hierarchical.NodeTestTask$DefaultDynamicTestExecutor.execute(NodeTestTask.java:212)
	at org.junit.platform.engine.support.hierarchical.NodeTestTask$DefaultDynamicTestExecutor.execute(NodeTestTask.java:192)
	at org.junit.jupiter.engine.descriptor.TestTemplateTestDescriptor.execute(TestTemplateTestDescriptor.java:139)
	at org.junit.jupiter.engine.descriptor.TestTemplateTestDescriptor.lambda$execute$2(TestTemplateTestDescriptor.java:107)
	at java.base/java.util.stream.ForEachOps$ForEachOp$OfRef.accept(ForEachOps.java:183)
	at java.base/java.util.stream.ReferencePipeline$3$1.accept(ReferencePipeline.java:195)
	at java.base/java.util.stream.ReferencePipeline$2$1.accept(ReferencePipeline.java:177)
	at java.base/java.util.stream.ReferencePipeline$3$1.accept(ReferencePipeline.java:195)
	at java.base/java.util.stream.ForEachOps$ForEachOp$OfRef.accept(ForEachOps.java:183)
	at java.base/java.util.stream.ReferencePipeline$11$1.accept(ReferencePipeline.java:442)
	at java.base/java.util.stream.ReferencePipeline$3$1.accept(ReferencePipeline.java:195)
	at java.base/java.util.stream.ReferencePipeline$3$1.accept(ReferencePipeline.java:195)
	at java.base/java.util.stream.ReferencePipeline$3$1.accept(ReferencePipeline.java:195)
	at java.base/java.util.stream.ForEachOps$ForEachOp$OfRef.accept(ForEachOps.java:183)
	at java.base/java.util.stream.ReferencePipeline$3$1.accept(ReferencePipeline.java:195)
	at java.base/java.util.Spliterators$ArraySpliterator.forEachRemaining(Spliterators.java:948)
	at java.base/java.util.stream.ReferencePipeline$Head.forEach(ReferencePipeline.java:658)
	at java.base/java.util.stream.ReferencePipeline$7$1.accept(ReferencePipeline.java:274)
	at java.base/java.util.stream.ReferencePipeline$3$1.accept(ReferencePipeline.java:195)
	at java.base/java.util.stream.ReferencePipeline$3$1.accept(ReferencePipeline.java:195)
	at java.base/java.util.Spliterators$ArraySpliterator.forEachRemaining(Spliterators.java:948)
	at java.base/java.util.stream.AbstractPipeline.copyInto(AbstractPipeline.java:484)
	at java.base/java.util.stream.AbstractPipeline.wrapAndCopyInto(AbstractPipeline.java:474)
	at java.base/java.util.stream.ForEachOps$ForEachOp.evaluateSequential(ForEachOps.java:150)
	at java.base/java.util.stream.ForEachOps$ForEachOp$OfRef.evaluateSequential(ForEachOps.java:173)
	at java.base/java.util.stream.AbstractPipeline.evaluate(AbstractPipeline.java:234)
	at java.base/java.util.stream.ReferencePipeline.forEach(ReferencePipeline.java:497)
	at java.base/java.util.stream.ReferencePipeline$7$1.accept(ReferencePipeline.java:274)
	at java.base/java.util.stream.ReferencePipeline$3$1.accept(ReferencePipeline.java:195)
	at java.base/java.util.stream.ReferencePipeline$3$1.accept(ReferencePipeline.java:195)
	at java.base/java.util.stream.ReferencePipeline$3$1.accept(ReferencePipeline.java:195)
	at java.base/java.util.ArrayList$ArrayListSpliterator.forEachRemaining(ArrayList.java:1625)
	at java.base/java.util.stream.AbstractPipeline.copyInto(AbstractPipeline.java:484)
	at java.base/java.util.stream.AbstractPipeline.wrapAndCopyInto(AbstractPipeline.java:474)
	at java.base/java.util.stream.ForEachOps$ForEachOp.evaluateSequential(ForEachOps.java:150)
	at java.base/java.util.stream.ForEachOps$ForEachOp$OfRef.evaluateSequential(ForEachOps.java:173)
	at java.base/java.util.stream.AbstractPipeline.evaluate(AbstractPipeline.java:234)
	at java.base/java.util.stream.ReferencePipeline.forEach(ReferencePipeline.java:497)
	at java.base/java.util.stream.ReferencePipeline$7$1.accept(ReferencePipeline.java:274)
	at java.base/java.util.ArrayList$ArrayListSpliterator.forEachRemaining(ArrayList.java:1625)
	at java.base/java.util.stream.AbstractPipeline.copyInto(AbstractPipeline.java:484)
	at java.base/java.util.stream.AbstractPipeline.wrapAndCopyInto(AbstractPipeline.java:474)
	at java.base/java.util.stream.ForEachOps$ForEachOp.evaluateSequential(ForEachOps.java:150)
	at java.base/java.util.stream.ForEachOps$ForEachOp$OfRef.evaluateSequential(ForEachOps.java:173)
	at java.base/java.util.stream.AbstractPipeline.evaluate(AbstractPipeline.java:234)
	at java.base/java.util.stream.ReferencePipeline.forEach(ReferencePipeline.java:497)
	at org.junit.jupiter.engine.descriptor.TestTemplateTestDescriptor.execute(TestTemplateTestDescriptor.java:107)
	at org.junit.jupiter.engine.descriptor.TestTemplateTestDescriptor.execute(TestTemplateTestDescriptor.java:42)
	at org.junit.platform.engine.support.hierarchical.NodeTestTask.lambda$executeRecursively$5(NodeTestTask.java:139)
	at org.junit.platform.engine.support.hierarchical.ThrowableCollector.execute(ThrowableCollector.java:73)
	at org.junit.platform.engine.support.hierarchical.NodeTestTask.lambda$executeRecursively$7(NodeTestTask.java:129)
	at org.junit.platform.engine.support.hierarchical.Node.around(Node.java:137)
	at org.junit.platform.engine.support.hierarchical.NodeTestTask.lambda$executeRecursively$8(NodeTestTask.java:127)
	at org.junit.platform.engine.support.hierarchical.ThrowableCollector.execute(ThrowableCollector.java:73)
	at org.junit.platform.engine.support.hierarchical.NodeTestTask.executeRecursively(NodeTestTask.java:126)
	at org.junit.platform.engine.support.hierarchical.NodeTestTask.execute(NodeTestTask.java:84)
	at java.base/java.util.ArrayList.forEach(ArrayList.java:1511)
	at org.junit.platform.engine.support.hierarchical.SameThreadHierarchicalTestExecutorService.invokeAll(SameThreadHierarchicalTestExecutorService.java:38)
	at org.junit.platform.engine.support.hierarchical.NodeTestTask.lambda$executeRecursively$5(NodeTestTask.java:143)
	at org.junit.platform.engine.support.hierarchical.ThrowableCollector.execute(ThrowableCollector.java:73)
	at org.junit.platform.engine.support.hierarchical.NodeTestTask.lambda$executeRecursively$7(NodeTestTask.java:129)
	at org.junit.platform.engine.support.hierarchical.Node.around(Node.java:137)
	at org.junit.platform.engine.support.hierarchical.NodeTestTask.lambda$executeRecursively$8(NodeTestTask.java:127)
	at org.junit.platform.engine.support.hierarchical.ThrowableCollector.execute(ThrowableCollector.java:73)
	at org.junit.platform.engine.support.hierarchical.NodeTestTask.executeRecursively(NodeTestTask.java:126)
	at org.junit.platform.engine.support.hierarchical.NodeTestTask.execute(NodeTestTask.java:84)
	at java.base/java.util.ArrayList.forEach(ArrayList.java:1511)
	at org.junit.platform.engine.support.hierarchical.SameThreadHierarchicalTestExecutorService.invokeAll(SameThreadHierarchicalTestExecutorService.java:38)
	at org.junit.platform.engine.support.hierarchical.NodeTestTask.lambda$executeRecursively$5(NodeTestTask.java:143)
	at org.junit.platform.engine.support.hierarchical.ThrowableCollector.execute(ThrowableCollector.java:73)
	at org.junit.platform.engine.support.hierarchical.NodeTestTask.lambda$executeRecursively$7(NodeTestTask.java:129)
	at org.junit.platform.engine.support.hierarchical.Node.around(Node.java:137)
	at org.junit.platform.engine.support.hierarchical.NodeTestTask.lambda$executeRecursively$8(NodeTestTask.java:127)
	at org.junit.platform.engine.support.hierarchical.ThrowableCollector.execute(ThrowableCollector.java:73)
	at org.junit.platform.engine.support.hierarchical.NodeTestTask.executeRecursively(NodeTestTask.java:126)
	at org.junit.platform.engine.support.hierarchical.NodeTestTask.execute(NodeTestTask.java:84)
	at org.junit.platform.engine.support.hierarchical.SameThreadHierarchicalTestExecutorService.submit(SameThreadHierarchicalTestExecutorService.java:32)
	at org.junit.platform.engine.support.hierarchical.HierarchicalTestExecutor.execute(HierarchicalTestExecutor.java:57)
	at org.junit.platform.engine.support.hierarchical.HierarchicalTestEngine.execute(HierarchicalTestEngine.java:51)
	at org.junit.platform.launcher.core.DefaultLauncher.execute(DefaultLauncher.java:248)
	at org.junit.platform.launcher.core.DefaultLauncher.lambda$execute$5(DefaultLauncher.java:211)
	at org.junit.platform.launcher.core.DefaultLauncher.withInterceptedStreams(DefaultLauncher.java:226)
	at org.junit.platform.launcher.core.DefaultLauncher.execute(DefaultLauncher.java:199)
	at org.junit.platform.launcher.core.DefaultLauncher.execute(DefaultLauncher.java:132)
	at org.gradle.api.internal.tasks.testing.junitplatform.JUnitPlatformTestClassProcessor$CollectAllTestClassesExecutor.processAllTestClasses(JUnitPlatformTestClassProcessor.java:99)
	at org.gradle.api.internal.tasks.testing.junitplatform.JUnitPlatformTestClassProcessor$CollectAllTestClassesExecutor.access$000(JUnitPlatformTestClassProcessor.java:79)
	at org.gradle.api.internal.tasks.testing.junitplatform.JUnitPlatformTestClassProcessor.stop(JUnitPlatformTestClassProcessor.java:75)
	at org.gradle.api.internal.tasks.testing.SuiteTestClassProcessor.stop(SuiteTestClassProcessor.java:61)
	at java.base/jdk.internal.reflect.NativeMethodAccessorImpl.invoke0(Native Method)
	at java.base/jdk.internal.reflect.NativeMethodAccessorImpl.invoke(NativeMethodAccessorImpl.java:64)
	at java.base/jdk.internal.reflect.DelegatingMethodAccessorImpl.invoke(DelegatingMethodAccessorImpl.java:43)
	at java.base/java.lang.reflect.Method.invoke(Method.java:564)
	at org.gradle.internal.dispatch.ReflectionDispatch.dispatch(ReflectionDispatch.java:36)
	at org.gradle.internal.dispatch.ReflectionDispatch.dispatch(ReflectionDispatch.java:24)
	at org.gradle.internal.dispatch.ContextClassLoaderDispatch.dispatch(ContextClassLoaderDispatch.java:33)
	at org.gradle.internal.dispatch.ProxyDispatchAdapter$DispatchingInvocationHandler.invoke(ProxyDispatchAdapter.java:94)
	at com.sun.proxy.$Proxy2.stop(Unknown Source)
	at org.gradle.api.internal.tasks.testing.worker.TestWorker.stop(TestWorker.java:133)
	at java.base/jdk.internal.reflect.NativeMethodAccessorImpl.invoke0(Native Method)
	at java.base/jdk.internal.reflect.NativeMethodAccessorImpl.invoke(NativeMethodAccessorImpl.java:64)
	at java.base/jdk.internal.reflect.DelegatingMethodAccessorImpl.invoke(DelegatingMethodAccessorImpl.java:43)
	at java.base/java.lang.reflect.Method.invoke(Method.java:564)
	at org.gradle.internal.dispatch.ReflectionDispatch.dispatch(ReflectionDispatch.java:36)
	at org.gradle.internal.dispatch.ReflectionDispatch.dispatch(ReflectionDispatch.java:24)
	at org.gradle.internal.remote.internal.hub.MessageHubBackedObjectConnection$DispatchWrapper.dispatch(MessageHubBackedObjectConnection.java:182)
	at org.gradle.internal.remote.internal.hub.MessageHubBackedObjectConnection$DispatchWrapper.dispatch(MessageHubBackedObjectConnection.java:164)
	at org.gradle.internal.remote.internal.hub.MessageHub$Handler.run(MessageHub.java:414)
	at org.gradle.internal.concurrent.ExecutorPolicy$CatchAndRecordFailures.onExecute(ExecutorPolicy.java:64)
	at org.gradle.internal.concurrent.ManagedExecutorImpl$1.run(ManagedExecutorImpl.java:48)
	at java.base/java.util.concurrent.ThreadPoolExecutor.runWorker(ThreadPoolExecutor.java:1130)
	at java.base/java.util.concurrent.ThreadPoolExecutor$Worker.run(ThreadPoolExecutor.java:630)
	at org.gradle.internal.concurrent.ThreadFactoryImpl$ManagedThreadRunnable.run(ThreadFactoryImpl.java:56)
	at java.base/java.lang.Thread.run(Thread.java:832)
</failure>
  </testcase>
  <system-out><![CDATA[]]></system-out>
  <system-err><![CDATA[]]></system-err>
</testsuite>
